{"/home/dougefish/projects/crypto/solana/parsers/yasp/src/index.ts": {"path":"/home/dougefish/projects/crypto/solana/parsers/yasp/src/index.ts","statementMap":{"0":{"start":{"line":1,"column":0},"end":{"line":1,"column":26}},"1":{"start":{"line":2,"column":0},"end":{"line":2,"column":26}},"2":{"start":{"line":3,"column":0},"end":{"line":3,"column":29}},"3":{"start":{"line":4,"column":0},"end":{"line":4,"column":9}},"4":{"start":{"line":4,"column":9},"end":{"line":4,"column":63}}},"fnMap":{"0":{"name":"(anonymous_4)","decl":{"start":{"line":4,"column":9},"end":{"line":4,"column":30}},"loc":{"start":{"line":4,"column":9},"end":{"line":4,"column":63}}}},"branchMap":{},"s":{"0":8,"1":8,"2":8,"3":8,"4":9},"f":{"0":1},"b":{}}
,"/home/dougefish/projects/crypto/solana/parsers/yasp/src/parsers.ts": {"path":"/home/dougefish/projects/crypto/solana/parsers/yasp/src/parsers.ts","statementMap":{"0":{"start":{"line":1,"column":0},"end":{"line":1,"column":32}},"1":{"start":{"line":3,"column":0},"end":{"line":3,"column":null}},"2":{"start":{"line":18,"column":0},"end":{"line":18,"column":105}},"3":{"start":{"line":19,"column":0},"end":{"line":19,"column":63}},"4":{"start":{"line":33,"column":0},"end":{"line":33,"column":115}},"5":{"start":{"line":34,"column":0},"end":{"line":34,"column":null}},"6":{"start":{"line":43,"column":1},"end":{"line":57,"column":10}},"7":{"start":{"line":45,"column":19},"end":{"line":45,"column":31}},"8":{"start":{"line":46,"column":3},"end":{"line":55,"column":4}},"9":{"start":{"line":47,"column":22},"end":{"line":47,"column":63}},"10":{"start":{"line":49,"column":4},"end":{"line":49,"column":59}},"11":{"start":{"line":51,"column":4},"end":{"line":54,"column":6}},"12":{"start":{"line":79,"column":51},"end":{"line":85,"column":4}},"13":{"start":{"line":87,"column":2},"end":{"line":87,"column":26}},"14":{"start":{"line":88,"column":2},"end":{"line":90,"column":3}},"15":{"start":{"line":89,"column":3},"end":{"line":89,"column":92}},"16":{"start":{"line":92,"column":2},"end":{"line":103,"column":3}},"17":{"start":{"line":93,"column":3},"end":{"line":93,"column":37}},"18":{"start":{"line":96,"column":3},"end":{"line":96,"column":29}},"19":{"start":{"line":98,"column":3},"end":{"line":102,"column":4}},"20":{"start":{"line":99,"column":4},"end":{"line":101,"column":5}},"21":{"start":{"line":100,"column":5},"end":{"line":100,"column":31}},"22":{"start":{"line":105,"column":2},"end":{"line":105,"column":35}},"23":{"start":{"line":114,"column":2},"end":{"line":114,"column":60}},"24":{"start":{"line":123,"column":2},"end":{"line":123,"column":85}},"25":{"start":{"line":127,"column":78},"end":{"line":161,"column":3}},"26":{"start":{"line":128,"column":17},"end":{"line":128,"column":47}},"27":{"start":{"line":129,"column":20},"end":{"line":129,"column":50}},"28":{"start":{"line":130,"column":3},"end":{"line":160,"column":4}},"29":{"start":{"line":131,"column":4},"end":{"line":131,"column":105}},"30":{"start":{"line":133,"column":15},"end":{"line":133,"column":77}},"31":{"start":{"line":133,"column":48},"end":{"line":133,"column":76}},"32":{"start":{"line":134,"column":4},"end":{"line":136,"column":5}},"33":{"start":{"line":135,"column":5},"end":{"line":135,"column":121}},"34":{"start":{"line":137,"column":28},"end":{"line":137,"column":59}},"35":{"start":{"line":138,"column":21},"end":{"line":152,"column":6}},"36":{"start":{"line":139,"column":5},"end":{"line":151,"column":6}},"37":{"start":{"line":140,"column":6},"end":{"line":143,"column":8}},"38":{"start":{"line":147,"column":6},"end":{"line":150,"column":8}},"39":{"start":{"line":154,"column":4},"end":{"line":159,"column":6}},"40":{"start":{"line":163,"column":2},"end":{"line":163,"column":54}},"41":{"start":{"line":171,"column":2},"end":{"line":171,"column":55}},"42":{"start":{"line":175,"column":2},"end":{"line":180,"column":4}},"43":{"start":{"line":189,"column":2},"end":{"line":195,"column":3}},"44":{"start":{"line":190,"column":3},"end":{"line":190,"column":104}},"45":{"start":{"line":192,"column":18},"end":{"line":192,"column":108}},"46":{"start":{"line":194,"column":3},"end":{"line":194,"column":30}},"47":{"start":{"line":208,"column":25},"end":{"line":208,"column":80}},"48":{"start":{"line":210,"column":2},"end":{"line":210,"column":147}},"49":{"start":{"line":210,"column":61},"end":{"line":210,"column":145}},"50":{"start":{"line":226,"column":22},"end":{"line":226,"column":122}},"51":{"start":{"line":227,"column":2},"end":{"line":227,"column":32}},"52":{"start":{"line":227,"column":20},"end":{"line":227,"column":32}},"53":{"start":{"line":228,"column":2},"end":{"line":232,"column":3}},"54":{"start":{"line":229,"column":21},"end":{"line":229,"column":60}},"55":{"start":{"line":231,"column":3},"end":{"line":231,"column":59}},"56":{"start":{"line":231,"column":32},"end":{"line":231,"column":57}},"57":{"start":{"line":234,"column":2},"end":{"line":234,"column":103}},"58":{"start":{"line":243,"column":2},"end":{"line":243,"column":74}},"59":{"start":{"line":243,"column":35},"end":{"line":243,"column":74}},"60":{"start":{"line":244,"column":14},"end":{"line":244,"column":54}},"61":{"start":{"line":245,"column":41},"end":{"line":245,"column":71}},"62":{"start":{"line":247,"column":2},"end":{"line":265,"column":3}},"63":{"start":{"line":248,"column":27},"end":{"line":248,"column":87}},"64":{"start":{"line":248,"column":72},"end":{"line":248,"column":86}},"65":{"start":{"line":249,"column":3},"end":{"line":264,"column":4}},"66":{"start":{"line":250,"column":20},"end":{"line":250,"column":77}},"67":{"start":{"line":251,"column":24},"end":{"line":253,"column":86}},"68":{"start":{"line":252,"column":20},"end":{"line":252,"column":51}},"69":{"start":{"line":253,"column":17},"end":{"line":253,"column":85}},"70":{"start":{"line":254,"column":45},"end":{"line":254,"column":47}},"71":{"start":{"line":255,"column":45},"end":{"line":255,"column":47}},"72":{"start":{"line":256,"column":4},"end":{"line":259,"column":7}},"73":{"start":{"line":257,"column":5},"end":{"line":257,"column":124}},"74":{"start":{"line":257,"column":82},"end":{"line":257,"column":121}},"75":{"start":{"line":258,"column":5},"end":{"line":258,"column":124}},"76":{"start":{"line":258,"column":82},"end":{"line":258,"column":121}},"77":{"start":{"line":260,"column":4},"end":{"line":263,"column":6}},"78":{"start":{"line":267,"column":2},"end":{"line":267,"column":65}},"79":{"start":{"line":68,"column":0},"end":{"line":68,"column":13}}},"fnMap":{"0":{"name":"flattenIdlAccounts","decl":{"start":{"line":42,"column":9},"end":{"line":42,"column":27}},"loc":{"start":{"line":42,"column":83},"end":{"line":58,"column":1}}},"1":{"name":"(anonymous_1)","decl":{"start":{"line":44,"column":7},"end":{"line":44,"column":8}},"loc":{"start":{"line":44,"column":19},"end":{"line":56,"column":3}}},"2":{"name":"(anonymous_2)","decl":{"start":{"line":78,"column":1},"end":{"line":78,"column":13}},"loc":{"start":{"line":78,"column":79},"end":{"line":106,"column":2}}},"3":{"name":"(anonymous_3)","decl":{"start":{"line":113,"column":1},"end":{"line":113,"column":10}},"loc":{"start":{"line":113,"column":68},"end":{"line":115,"column":2}}},"4":{"name":"(anonymous_4)","decl":{"start":{"line":122,"column":1},"end":{"line":122,"column":17}},"loc":{"start":{"line":122,"column":57},"end":{"line":124,"column":2}}},"5":{"name":"(anonymous_5)","decl":{"start":{"line":126,"column":9},"end":{"line":126,"column":23}},"loc":{"start":{"line":126,"column":54},"end":{"line":164,"column":2}}},"6":{"name":"(anonymous_6)","decl":{"start":{"line":127,"column":78},"end":{"line":127,"column":79}},"loc":{"start":{"line":127,"column":118},"end":{"line":161,"column":3}}},"7":{"name":"(anonymous_7)","decl":{"start":{"line":133,"column":37},"end":{"line":133,"column":38}},"loc":{"start":{"line":133,"column":48},"end":{"line":133,"column":76}}},"8":{"name":"(anonymous_8)","decl":{"start":{"line":138,"column":42},"end":{"line":138,"column":43}},"loc":{"start":{"line":138,"column":56},"end":{"line":152,"column":5}}},"9":{"name":"(anonymous_9)","decl":{"start":{"line":170,"column":1},"end":{"line":170,"column":13}},"loc":{"start":{"line":170,"column":34},"end":{"line":172,"column":2}}},"10":{"name":"(anonymous_10)","decl":{"start":{"line":174,"column":9},"end":{"line":174,"column":38}},"loc":{"start":{"line":174,"column":117},"end":{"line":181,"column":2}}},"11":{"name":"(anonymous_11)","decl":{"start":{"line":188,"column":1},"end":{"line":188,"column":17}},"loc":{"start":{"line":188,"column":104},"end":{"line":196,"column":2}}},"12":{"name":"(anonymous_12)","decl":{"start":{"line":204,"column":1},"end":{"line":204,"column":21}},"loc":{"start":{"line":206,"column":102},"end":{"line":211,"column":2}}},"13":{"name":"(anonymous_13)","decl":{"start":{"line":210,"column":44},"end":{"line":210,"column":45}},"loc":{"start":{"line":210,"column":61},"end":{"line":210,"column":145}}},"14":{"name":"(anonymous_14)","decl":{"start":{"line":220,"column":1},"end":{"line":220,"column":6}},"loc":{"start":{"line":224,"column":36},"end":{"line":235,"column":2}}},"15":{"name":"(anonymous_15)","decl":{"start":{"line":231,"column":24},"end":{"line":231,"column":25}},"loc":{"start":{"line":231,"column":32},"end":{"line":231,"column":57}}},"16":{"name":"(anonymous_16)","decl":{"start":{"line":242,"column":1},"end":{"line":242,"column":6}},"loc":{"start":{"line":242,"column":75},"end":{"line":268,"column":2}}},"17":{"name":"(anonymous_17)","decl":{"start":{"line":248,"column":63},"end":{"line":248,"column":64}},"loc":{"start":{"line":248,"column":72},"end":{"line":248,"column":86}}},"18":{"name":"(anonymous_18)","decl":{"start":{"line":252,"column":13},"end":{"line":252,"column":14}},"loc":{"start":{"line":252,"column":20},"end":{"line":252,"column":51}}},"19":{"name":"(anonymous_19)","decl":{"start":{"line":253,"column":10},"end":{"line":253,"column":11}},"loc":{"start":{"line":253,"column":17},"end":{"line":253,"column":85}}},"20":{"name":"(anonymous_20)","decl":{"start":{"line":256,"column":40},"end":{"line":256,"column":41}},"loc":{"start":{"line":256,"column":61},"end":{"line":259,"column":5}}},"21":{"name":"(anonymous_21)","decl":{"start":{"line":257,"column":65},"end":{"line":257,"column":66}},"loc":{"start":{"line":257,"column":82},"end":{"line":257,"column":121}}},"22":{"name":"(anonymous_22)","decl":{"start":{"line":258,"column":65},"end":{"line":258,"column":66}},"loc":{"start":{"line":258,"column":82},"end":{"line":258,"column":121}}}},"branchMap":{"0":{"loc":{"start":{"line":46,"column":3},"end":{"line":55,"column":4}},"type":"if","locations":[{"start":{"line":46,"column":3},"end":{"line":55,"column":4}},{"start":{"line":50,"column":10},"end":{"line":55,"column":4}}]},"1":{"loc":{"start":{"line":47,"column":22},"end":{"line":47,"column":63}},"type":"cond-expr","locations":[{"start":{"line":47,"column":31},"end":{"line":47,"column":53}},{"start":{"line":47,"column":56},"end":{"line":47,"column":63}}]},"2":{"loc":{"start":{"line":53,"column":11},"end":{"line":53,"column":52}},"type":"cond-expr","locations":[{"start":{"line":53,"column":20},"end":{"line":53,"column":42}},{"start":{"line":53,"column":45},"end":{"line":53,"column":52}}]},"3":{"loc":{"start":{"line":87,"column":12},"end":{"line":87,"column":25}},"type":"binary-expr","locations":[{"start":{"line":87,"column":12},"end":{"line":87,"column":19}},{"start":{"line":87,"column":23},"end":{"line":87,"column":25}}]},"4":{"loc":{"start":{"line":92,"column":2},"end":{"line":103,"column":3}},"type":"if","locations":[{"start":{"line":92,"column":2},"end":{"line":103,"column":3}},{"start":{"line":94,"column":9},"end":{"line":103,"column":3}}]},"5":{"loc":{"start":{"line":99,"column":4},"end":{"line":101,"column":5}},"type":"if","locations":[{"start":{"line":99,"column":4},"end":{"line":101,"column":5}}]},"6":{"loc":{"start":{"line":130,"column":3},"end":{"line":160,"column":4}},"type":"if","locations":[{"start":{"line":130,"column":3},"end":{"line":160,"column":4}},{"start":{"line":132,"column":10},"end":{"line":160,"column":4}}]},"7":{"loc":{"start":{"line":134,"column":4},"end":{"line":136,"column":5}},"type":"if","locations":[{"start":{"line":134,"column":4},"end":{"line":136,"column":5}}]},"8":{"loc":{"start":{"line":139,"column":5},"end":{"line":151,"column":6}},"type":"if","locations":[{"start":{"line":139,"column":5},"end":{"line":151,"column":6}},{"start":{"line":146,"column":10},"end":{"line":151,"column":6}}]},"9":{"loc":{"start":{"line":179,"column":9},"end":{"line":179,"column":26}},"type":"binary-expr","locations":[{"start":{"line":179,"column":9},"end":{"line":179,"column":13}},{"start":{"line":179,"column":17},"end":{"line":179,"column":26}}]},"10":{"loc":{"start":{"line":189,"column":2},"end":{"line":195,"column":3}},"type":"if","locations":[{"start":{"line":189,"column":2},"end":{"line":195,"column":3}},{"start":{"line":191,"column":9},"end":{"line":195,"column":3}}]},"11":{"loc":{"start":{"line":206,"column":2},"end":{"line":206,"column":102}},"type":"default-arg","locations":[{"start":{"line":206,"column":93},"end":{"line":206,"column":102}}]},"12":{"loc":{"start":{"line":223,"column":2},"end":{"line":223,"column":26}},"type":"default-arg","locations":[{"start":{"line":223,"column":21},"end":{"line":223,"column":26}}]},"13":{"loc":{"start":{"line":224,"column":2},"end":{"line":224,"column":36}},"type":"default-arg","locations":[{"start":{"line":224,"column":25},"end":{"line":224,"column":36}}]},"14":{"loc":{"start":{"line":227,"column":2},"end":{"line":227,"column":32}},"type":"if","locations":[{"start":{"line":227,"column":2},"end":{"line":227,"column":32}}]},"15":{"loc":{"start":{"line":228,"column":2},"end":{"line":232,"column":3}},"type":"if","locations":[{"start":{"line":228,"column":2},"end":{"line":232,"column":3}}]},"16":{"loc":{"start":{"line":243,"column":2},"end":{"line":243,"column":74}},"type":"if","locations":[{"start":{"line":243,"column":2},"end":{"line":243,"column":74}}]},"17":{"loc":{"start":{"line":247,"column":2},"end":{"line":265,"column":3}},"type":"if","locations":[{"start":{"line":247,"column":2},"end":{"line":265,"column":3}}]},"18":{"loc":{"start":{"line":249,"column":3},"end":{"line":264,"column":4}},"type":"if","locations":[{"start":{"line":249,"column":3},"end":{"line":264,"column":4}}]},"19":{"loc":{"start":{"line":252,"column":20},"end":{"line":252,"column":51}},"type":"binary-expr","locations":[{"start":{"line":252,"column":20},"end":{"line":252,"column":30}},{"start":{"line":252,"column":34},"end":{"line":252,"column":51}}]}},"s":{"0":8,"1":8,"2":8,"3":8,"4":8,"5":8,"6":5,"7":51,"8":51,"9":1,"10":1,"11":50,"12":8,"13":8,"14":8,"15":2,"16":8,"17":0,"18":8,"19":8,"20":40,"21":40,"22":8,"23":3,"24":1,"25":3,"26":4,"27":4,"28":4,"29":0,"30":4,"31":49,"32":4,"33":0,"34":4,"35":4,"36":65,"37":50,"38":15,"39":4,"40":3,"41":1,"42":5,"43":46,"44":5,"45":41,"46":41,"47":26,"48":26,"49":42,"50":3,"51":3,"52":1,"53":2,"54":1,"55":1,"56":2,"57":1,"58":22,"59":1,"60":22,"61":22,"62":22,"63":1,"64":1,"65":1,"66":1,"67":1,"68":1,"69":1,"70":1,"71":1,"72":1,"73":1,"74":5,"75":1,"76":0,"77":1,"78":22,"79":8},"f":{"0":5,"1":51,"2":8,"3":3,"4":1,"5":3,"6":4,"7":49,"8":65,"9":1,"10":5,"11":46,"12":26,"13":42,"14":3,"15":2,"16":22,"17":1,"18":1,"19":1,"20":1,"21":5,"22":0},"b":{"0":[1,50],"1":[0,1],"2":[18,32],"3":[8,8],"4":[0,8],"5":[40],"6":[0,4],"7":[0],"8":[50,15],"9":[5,5],"10":[5,41],"11":[0],"12":[1],"13":[3],"14":[1],"15":[1],"16":[1],"17":[1],"18":[1],"19":[1,1]}}
,"/home/dougefish/projects/crypto/solana/parsers/yasp/src/decoders/associated.ts": {"path":"/home/dougefish/projects/crypto/solana/parsers/yasp/src/decoders/associated.ts","statementMap":{"0":{"start":{"line":3,"column":0},"end":{"line":3,"column":64}},"1":{"start":{"line":6,"column":1},"end":{"line":19,"column":130}},"2":{"start":{"line":22,"column":9},"end":{"line":22,"column":41}}},"fnMap":{"0":{"name":"decodeAssociatedTokenInstruction","decl":{"start":{"line":5,"column":9},"end":{"line":5,"column":41}},"loc":{"start":{"line":5,"column":77},"end":{"line":20,"column":1}}}},"branchMap":{"0":{"loc":{"start":{"line":7,"column":8},"end":{"line":7,"column":108}},"type":"cond-expr","locations":[{"start":{"line":7,"column":35},"end":{"line":7,"column":75}},{"start":{"line":7,"column":78},"end":{"line":7,"column":108}}]},"1":{"loc":{"start":{"line":15,"column":7},"end":{"line":15,"column":89}},"type":"cond-expr","locations":[{"start":{"line":15,"column":37},"end":{"line":15,"column":77}},{"start":{"line":15,"column":80},"end":{"line":15,"column":89}}]}},"s":{"0":8,"1":1,"2":8},"f":{"0":1},"b":{"0":[0,1],"1":[0,1]}}
,"/home/dougefish/projects/crypto/solana/parsers/yasp/src/decoders/index.ts": {"path":"/home/dougefish/projects/crypto/solana/parsers/yasp/src/decoders/index.ts","statementMap":{"0":{"start":{"line":1,"column":0},"end":{"line":1,"column":9}},"1":{"start":{"line":7,"column":34},"end":{"line":1,"column":49}},"2":{"start":{"line":2,"column":0},"end":{"line":2,"column":9}},"3":{"start":{"line":7,"column":9},"end":{"line":2,"column":51}},"4":{"start":{"line":3,"column":0},"end":{"line":3,"column":9}},"5":{"start":{"line":7,"column":58},"end":{"line":3,"column":49}},"6":{"start":{"line":4,"column":0},"end":{"line":4,"column":9}},"7":{"start":{"line":7,"column":82},"end":{"line":4,"column":55}},"8":{"start":{"line":5,"column":0},"end":{"line":5,"column":9}},"9":{"start":{"line":7,"column":110},"end":{"line":5,"column":64}}},"fnMap":{"0":{"name":"(anonymous_0)","decl":{"start":{"line":7,"column":34},"end":{"line":7,"column":56}},"loc":{"start":{"line":7,"column":34},"end":{"line":1,"column":49}}},"1":{"name":"(anonymous_1)","decl":{"start":{"line":7,"column":9},"end":{"line":7,"column":32}},"loc":{"start":{"line":7,"column":9},"end":{"line":2,"column":51}}},"2":{"name":"(anonymous_2)","decl":{"start":{"line":7,"column":58},"end":{"line":7,"column":80}},"loc":{"start":{"line":7,"column":58},"end":{"line":3,"column":49}}},"3":{"name":"(anonymous_3)","decl":{"start":{"line":7,"column":82},"end":{"line":7,"column":108}},"loc":{"start":{"line":7,"column":82},"end":{"line":4,"column":55}}},"4":{"name":"(anonymous_4)","decl":{"start":{"line":7,"column":110},"end":{"line":7,"column":142}},"loc":{"start":{"line":7,"column":110},"end":{"line":5,"column":64}}}},"branchMap":{},"s":{"0":8,"1":16,"2":8,"3":16,"4":8,"5":16,"6":8,"7":16,"8":8,"9":16},"f":{"0":8,"1":8,"2":8,"3":8,"4":8},"b":{}}
,"/home/dougefish/projects/crypto/solana/parsers/yasp/src/decoders/stake.ts": {"path":"/home/dougefish/projects/crypto/solana/parsers/yasp/src/decoders/stake.ts","statementMap":{"0":{"start":{"line":1,"column":0},"end":{"line":1,"column":89}},"1":{"start":{"line":6,"column":22},"end":{"line":10,"column":3}},"2":{"start":{"line":6,"column":37},"end":{"line":10,"column":3}},"3":{"start":{"line":13,"column":17},"end":{"line":13,"column":68}},"4":{"start":{"line":15,"column":1},"end":{"line":259,"column":2}},"5":{"start":{"line":17,"column":21},"end":{"line":17,"column":67}},"6":{"start":{"line":18,"column":3},"end":{"line":34,"column":56}},"7":{"start":{"line":35,"column":3},"end":{"line":35,"column":9}},"8":{"start":{"line":38,"column":21},"end":{"line":38,"column":66}},"9":{"start":{"line":39,"column":3},"end":{"line":61,"column":55}},"10":{"start":{"line":63,"column":3},"end":{"line":63,"column":9}},"11":{"start":{"line":66,"column":21},"end":{"line":66,"column":74}},"12":{"start":{"line":67,"column":3},"end":{"line":90,"column":63}},"13":{"start":{"line":92,"column":3},"end":{"line":92,"column":9}},"14":{"start":{"line":95,"column":21},"end":{"line":95,"column":67}},"15":{"start":{"line":96,"column":3},"end":{"line":116,"column":56}},"16":{"start":{"line":117,"column":3},"end":{"line":117,"column":9}},"17":{"start":{"line":120,"column":21},"end":{"line":120,"column":65}},"18":{"start":{"line":121,"column":3},"end":{"line":154,"column":54}},"19":{"start":{"line":155,"column":3},"end":{"line":155,"column":9}},"20":{"start":{"line":158,"column":21},"end":{"line":158,"column":62}},"21":{"start":{"line":159,"column":3},"end":{"line":188,"column":51}},"22":{"start":{"line":189,"column":3},"end":{"line":189,"column":9}},"23":{"start":{"line":192,"column":21},"end":{"line":192,"column":62}},"24":{"start":{"line":193,"column":3},"end":{"line":215,"column":51}},"25":{"start":{"line":216,"column":3},"end":{"line":216,"column":9}},"26":{"start":{"line":219,"column":21},"end":{"line":219,"column":65}},"27":{"start":{"line":220,"column":3},"end":{"line":252,"column":54}},"28":{"start":{"line":253,"column":3},"end":{"line":253,"column":9}},"29":{"start":{"line":256,"column":3},"end":{"line":256,"column":17}},"30":{"start":{"line":257,"column":3},"end":{"line":257,"column":9}},"31":{"start":{"line":261,"column":1},"end":{"line":271,"column":5}},"32":{"start":{"line":274,"column":9},"end":{"line":274,"column":31}}},"fnMap":{"0":{"name":"decodeStakeInstruction","decl":{"start":{"line":5,"column":9},"end":{"line":5,"column":31}},"loc":{"start":{"line":5,"column":67},"end":{"line":272,"column":1}}},"1":{"name":"(anonymous_1)","decl":{"start":{"line":6,"column":22},"end":{"line":6,"column":23}},"loc":{"start":{"line":6,"column":37},"end":{"line":10,"column":3}}}},"branchMap":{"0":{"loc":{"start":{"line":15,"column":1},"end":{"line":259,"column":2}},"type":"switch","locations":[{"start":{"line":16,"column":2},"end":{"line":36,"column":3}},{"start":{"line":37,"column":2},"end":{"line":64,"column":3}},{"start":{"line":65,"column":2},"end":{"line":93,"column":3}},{"start":{"line":94,"column":2},"end":{"line":118,"column":3}},{"start":{"line":119,"column":2},"end":{"line":156,"column":3}},{"start":{"line":157,"column":2},"end":{"line":190,"column":3}},{"start":{"line":191,"column":2},"end":{"line":217,"column":3}},{"start":{"line":218,"column":2},"end":{"line":254,"column":3}},{"start":{"line":255,"column":2},"end":{"line":258,"column":3}}]},"1":{"loc":{"start":{"line":54,"column":9},"end":{"line":54,"column":102}},"type":"cond-expr","locations":[{"start":{"line":54,"column":39},"end":{"line":54,"column":90}},{"start":{"line":54,"column":93},"end":{"line":54,"column":102}}]},"2":{"loc":{"start":{"line":82,"column":9},"end":{"line":82,"column":102}},"type":"cond-expr","locations":[{"start":{"line":82,"column":39},"end":{"line":82,"column":90}},{"start":{"line":82,"column":93},"end":{"line":82,"column":102}}]},"3":{"loc":{"start":{"line":243,"column":9},"end":{"line":243,"column":102}},"type":"cond-expr","locations":[{"start":{"line":243,"column":39},"end":{"line":243,"column":90}},{"start":{"line":243,"column":93},"end":{"line":243,"column":102}}]},"4":{"loc":{"start":{"line":261,"column":8},"end":{"line":271,"column":5}},"type":"cond-expr","locations":[{"start":{"line":262,"column":4},"end":{"line":265,"column":null}},{"start":{"line":266,"column":4},"end":{"line":271,"column":5}}]}},"s":{"0":8,"1":9,"2":32,"3":9,"4":9,"5":2,"6":2,"7":2,"8":1,"9":1,"10":1,"11":1,"12":1,"13":1,"14":1,"15":1,"16":1,"17":1,"18":1,"19":1,"20":1,"21":1,"22":1,"23":1,"24":1,"25":1,"26":1,"27":1,"28":1,"29":0,"30":0,"31":9,"32":8},"f":{"0":9,"1":32},"b":{"0":[2,1,1,1,1,1,1,1,0],"1":[0,1],"2":[0,1],"3":[0,1],"4":[9,0]}}
,"/home/dougefish/projects/crypto/solana/parsers/yasp/src/decoders/system.ts": {"path":"/home/dougefish/projects/crypto/solana/parsers/yasp/src/decoders/system.ts","statementMap":{"0":{"start":{"line":1,"column":0},"end":{"line":1,"column":74}},"1":{"start":{"line":2,"column":0},"end":{"line":2,"column":91}},"2":{"start":{"line":7,"column":16},"end":{"line":7,"column":68}},"3":{"start":{"line":9,"column":1},"end":{"line":174,"column":2}},"4":{"start":{"line":11,"column":19},"end":{"line":11,"column":68}},"5":{"start":{"line":13,"column":3},"end":{"line":21,"column":70}},"6":{"start":{"line":22,"column":3},"end":{"line":22,"column":9}},"7":{"start":{"line":25,"column":19},"end":{"line":25,"column":64}},"8":{"start":{"line":26,"column":3},"end":{"line":30,"column":59}},"9":{"start":{"line":31,"column":3},"end":{"line":31,"column":9}},"10":{"start":{"line":34,"column":19},"end":{"line":34,"column":72}},"11":{"start":{"line":35,"column":3},"end":{"line":47,"column":67}},"12":{"start":{"line":48,"column":3},"end":{"line":48,"column":9}},"13":{"start":{"line":51,"column":19},"end":{"line":51,"column":62}},"14":{"start":{"line":52,"column":3},"end":{"line":56,"column":57}},"15":{"start":{"line":57,"column":3},"end":{"line":57,"column":9}},"16":{"start":{"line":60,"column":19},"end":{"line":60,"column":70}},"17":{"start":{"line":61,"column":3},"end":{"line":72,"column":65}},"18":{"start":{"line":73,"column":3},"end":{"line":73,"column":9}},"19":{"start":{"line":76,"column":19},"end":{"line":76,"column":70}},"20":{"start":{"line":77,"column":3},"end":{"line":84,"column":72}},"21":{"start":{"line":85,"column":3},"end":{"line":85,"column":9}},"22":{"start":{"line":88,"column":19},"end":{"line":88,"column":69}},"23":{"start":{"line":89,"column":3},"end":{"line":96,"column":64}},"24":{"start":{"line":97,"column":3},"end":{"line":97,"column":9}},"25":{"start":{"line":100,"column":19},"end":{"line":100,"column":70}},"26":{"start":{"line":101,"column":3},"end":{"line":115,"column":72}},"27":{"start":{"line":116,"column":3},"end":{"line":116,"column":9}},"28":{"start":{"line":119,"column":19},"end":{"line":119,"column":71}},"29":{"start":{"line":120,"column":3},"end":{"line":128,"column":73}},"30":{"start":{"line":129,"column":3},"end":{"line":129,"column":9}},"31":{"start":{"line":132,"column":19},"end":{"line":132,"column":64}},"32":{"start":{"line":133,"column":3},"end":{"line":140,"column":59}},"33":{"start":{"line":141,"column":3},"end":{"line":141,"column":9}},"34":{"start":{"line":144,"column":19},"end":{"line":144,"column":72}},"35":{"start":{"line":145,"column":3},"end":{"line":153,"column":67}},"36":{"start":{"line":154,"column":3},"end":{"line":154,"column":9}},"37":{"start":{"line":157,"column":19},"end":{"line":157,"column":69}},"38":{"start":{"line":158,"column":3},"end":{"line":168,"column":71}},"39":{"start":{"line":169,"column":3},"end":{"line":169,"column":9}},"40":{"start":{"line":172,"column":3},"end":{"line":172,"column":17}},"41":{"start":{"line":176,"column":1},"end":{"line":186,"column":5}},"42":{"start":{"line":189,"column":9},"end":{"line":189,"column":32}}},"fnMap":{"0":{"name":"decodeSystemInstruction","decl":{"start":{"line":6,"column":9},"end":{"line":6,"column":32}},"loc":{"start":{"line":6,"column":68},"end":{"line":187,"column":1}}}},"branchMap":{"0":{"loc":{"start":{"line":9,"column":1},"end":{"line":174,"column":2}},"type":"switch","locations":[{"start":{"line":10,"column":2},"end":{"line":23,"column":3}},{"start":{"line":24,"column":2},"end":{"line":32,"column":3}},{"start":{"line":33,"column":2},"end":{"line":49,"column":3}},{"start":{"line":50,"column":2},"end":{"line":58,"column":3}},{"start":{"line":59,"column":2},"end":{"line":74,"column":3}},{"start":{"line":75,"column":2},"end":{"line":86,"column":3}},{"start":{"line":87,"column":2},"end":{"line":98,"column":3}},{"start":{"line":99,"column":2},"end":{"line":117,"column":3}},{"start":{"line":118,"column":2},"end":{"line":130,"column":3}},{"start":{"line":131,"column":2},"end":{"line":142,"column":3}},{"start":{"line":143,"column":2},"end":{"line":155,"column":3}},{"start":{"line":156,"column":2},"end":{"line":170,"column":3}},{"start":{"line":171,"column":2},"end":{"line":173,"column":3}}]},"1":{"loc":{"start":{"line":176,"column":8},"end":{"line":186,"column":5}},"type":"cond-expr","locations":[{"start":{"line":177,"column":4},"end":{"line":180,"column":null}},{"start":{"line":181,"column":4},"end":{"line":186,"column":5}}]}},"s":{"0":8,"1":8,"2":22,"3":22,"4":1,"5":1,"6":1,"7":1,"8":1,"9":1,"10":1,"11":1,"12":1,"13":1,"14":1,"15":1,"16":1,"17":1,"18":1,"19":1,"20":1,"21":1,"22":4,"23":4,"24":4,"25":2,"26":2,"27":2,"28":2,"29":2,"30":2,"31":6,"32":6,"33":6,"34":1,"35":1,"36":1,"37":1,"38":1,"39":1,"40":0,"41":22,"42":8},"f":{"0":22},"b":{"0":[1,1,1,1,1,1,4,2,2,6,1,1,0],"1":[22,0]}}
,"/home/dougefish/projects/crypto/solana/parsers/yasp/src/decoders/token.ts": {"path":"/home/dougefish/projects/crypto/solana/parsers/yasp/src/decoders/token.ts","statementMap":{"0":{"start":{"line":1,"column":0},"end":{"line":1,"column":null}},"1":{"start":{"line":29,"column":0},"end":{"line":29,"column":39}},"2":{"start":{"line":30,"column":0},"end":{"line":30,"column":68}},"3":{"start":{"line":34,"column":53},"end":{"line":34,"column":57}},"4":{"start":{"line":35,"column":17},"end":{"line":35,"column":36}},"5":{"start":{"line":36,"column":1},"end":{"line":359,"column":2}},"6":{"start":{"line":38,"column":21},"end":{"line":38,"column":74}},"7":{"start":{"line":39,"column":3},"end":{"line":46,"column":57}},"8":{"start":{"line":47,"column":3},"end":{"line":47,"column":9}},"9":{"start":{"line":50,"column":21},"end":{"line":50,"column":68}},"10":{"start":{"line":51,"column":3},"end":{"line":60,"column":60}},"11":{"start":{"line":61,"column":3},"end":{"line":61,"column":9}},"12":{"start":{"line":64,"column":21},"end":{"line":64,"column":69}},"13":{"start":{"line":65,"column":20},"end":{"line":65,"column":99}},"14":{"start":{"line":65,"column":63},"end":{"line":65,"column":97}},"15":{"start":{"line":66,"column":3},"end":{"line":70,"column":61}},"16":{"start":{"line":71,"column":3},"end":{"line":71,"column":9}},"17":{"start":{"line":74,"column":21},"end":{"line":74,"column":59}},"18":{"start":{"line":75,"column":20},"end":{"line":75,"column":104}},"19":{"start":{"line":75,"column":68},"end":{"line":75,"column":102}},"20":{"start":{"line":76,"column":3},"end":{"line":85,"column":51}},"21":{"start":{"line":86,"column":3},"end":{"line":86,"column":9}},"22":{"start":{"line":89,"column":21},"end":{"line":89,"column":58}},"23":{"start":{"line":90,"column":20},"end":{"line":90,"column":104}},"24":{"start":{"line":90,"column":68},"end":{"line":90,"column":102}},"25":{"start":{"line":91,"column":3},"end":{"line":100,"column":50}},"26":{"start":{"line":101,"column":3},"end":{"line":101,"column":9}},"27":{"start":{"line":104,"column":21},"end":{"line":104,"column":57}},"28":{"start":{"line":105,"column":20},"end":{"line":105,"column":104}},"29":{"start":{"line":105,"column":68},"end":{"line":105,"column":102}},"30":{"start":{"line":106,"column":3},"end":{"line":110,"column":49}},"31":{"start":{"line":111,"column":3},"end":{"line":111,"column":9}},"32":{"start":{"line":114,"column":21},"end":{"line":114,"column":63}},"33":{"start":{"line":115,"column":29},"end":{"line":120,"column":5}},"34":{"start":{"line":121,"column":3},"end":{"line":127,"column":4}},"35":{"start":{"line":126,"column":4},"end":{"line":126,"column":67}},"36":{"start":{"line":128,"column":20},"end":{"line":128,"column":104}},"37":{"start":{"line":128,"column":68},"end":{"line":128,"column":102}},"38":{"start":{"line":129,"column":3},"end":{"line":135,"column":55}},"39":{"start":{"line":136,"column":3},"end":{"line":136,"column":9}},"40":{"start":{"line":139,"column":21},"end":{"line":139,"column":57}},"41":{"start":{"line":140,"column":20},"end":{"line":140,"column":104}},"42":{"start":{"line":140,"column":68},"end":{"line":140,"column":102}},"43":{"start":{"line":141,"column":3},"end":{"line":150,"column":49}},"44":{"start":{"line":151,"column":3},"end":{"line":151,"column":9}},"45":{"start":{"line":154,"column":21},"end":{"line":154,"column":55}},"46":{"start":{"line":155,"column":20},"end":{"line":155,"column":104}},"47":{"start":{"line":155,"column":68},"end":{"line":155,"column":102}},"48":{"start":{"line":156,"column":3},"end":{"line":165,"column":47}},"49":{"start":{"line":166,"column":3},"end":{"line":166,"column":9}},"50":{"start":{"line":169,"column":21},"end":{"line":169,"column":63}},"51":{"start":{"line":170,"column":20},"end":{"line":170,"column":104}},"52":{"start":{"line":170,"column":68},"end":{"line":170,"column":102}},"53":{"start":{"line":171,"column":3},"end":{"line":180,"column":55}},"54":{"start":{"line":181,"column":3},"end":{"line":181,"column":9}},"55":{"start":{"line":184,"column":21},"end":{"line":184,"column":64}},"56":{"start":{"line":185,"column":20},"end":{"line":185,"column":104}},"57":{"start":{"line":185,"column":68},"end":{"line":185,"column":102}},"58":{"start":{"line":186,"column":3},"end":{"line":195,"column":56}},"59":{"start":{"line":196,"column":3},"end":{"line":196,"column":9}},"60":{"start":{"line":199,"column":21},"end":{"line":199,"column":62}},"61":{"start":{"line":200,"column":20},"end":{"line":200,"column":104}},"62":{"start":{"line":200,"column":68},"end":{"line":200,"column":102}},"63":{"start":{"line":201,"column":3},"end":{"line":210,"column":54}},"64":{"start":{"line":211,"column":3},"end":{"line":211,"column":9}},"65":{"start":{"line":214,"column":21},"end":{"line":214,"column":66}},"66":{"start":{"line":215,"column":20},"end":{"line":215,"column":104}},"67":{"start":{"line":215,"column":68},"end":{"line":215,"column":102}},"68":{"start":{"line":216,"column":3},"end":{"line":226,"column":58}},"69":{"start":{"line":227,"column":3},"end":{"line":227,"column":9}},"70":{"start":{"line":230,"column":21},"end":{"line":230,"column":65}},"71":{"start":{"line":231,"column":20},"end":{"line":231,"column":104}},"72":{"start":{"line":231,"column":68},"end":{"line":231,"column":102}},"73":{"start":{"line":232,"column":3},"end":{"line":242,"column":57}},"74":{"start":{"line":243,"column":3},"end":{"line":243,"column":9}},"75":{"start":{"line":246,"column":21},"end":{"line":246,"column":64}},"76":{"start":{"line":247,"column":20},"end":{"line":247,"column":104}},"77":{"start":{"line":247,"column":68},"end":{"line":247,"column":102}},"78":{"start":{"line":248,"column":3},"end":{"line":257,"column":56}},"79":{"start":{"line":258,"column":3},"end":{"line":258,"column":9}},"80":{"start":{"line":261,"column":21},"end":{"line":261,"column":62}},"81":{"start":{"line":262,"column":20},"end":{"line":262,"column":104}},"82":{"start":{"line":262,"column":68},"end":{"line":262,"column":102}},"83":{"start":{"line":263,"column":3},"end":{"line":272,"column":54}},"84":{"start":{"line":273,"column":3},"end":{"line":273,"column":9}},"85":{"start":{"line":276,"column":21},"end":{"line":276,"column":69}},"86":{"start":{"line":277,"column":3},"end":{"line":285,"column":61}},"87":{"start":{"line":286,"column":3},"end":{"line":286,"column":9}},"88":{"start":{"line":289,"column":21},"end":{"line":289,"column":61}},"89":{"start":{"line":290,"column":3},"end":{"line":294,"column":53}},"90":{"start":{"line":295,"column":3},"end":{"line":295,"column":9}},"91":{"start":{"line":298,"column":21},"end":{"line":298,"column":69}},"92":{"start":{"line":299,"column":3},"end":{"line":306,"column":61}},"93":{"start":{"line":307,"column":3},"end":{"line":307,"column":9}},"94":{"start":{"line":310,"column":20},"end":{"line":310,"column":102}},"95":{"start":{"line":310,"column":66},"end":{"line":310,"column":100}},"96":{"start":{"line":311,"column":3},"end":{"line":315,"column":62}},"97":{"start":{"line":316,"column":3},"end":{"line":316,"column":9}},"98":{"start":{"line":319,"column":21},"end":{"line":319,"column":66}},"99":{"start":{"line":320,"column":21},"end":{"line":320,"column":40}},"100":{"start":{"line":321,"column":3},"end":{"line":321,"column":82}},"101":{"start":{"line":321,"column":19},"end":{"line":321,"column":82}},"102":{"start":{"line":322,"column":3},"end":{"line":326,"column":58}},"103":{"start":{"line":327,"column":3},"end":{"line":327,"column":9}},"104":{"start":{"line":330,"column":21},"end":{"line":330,"column":98}},"105":{"start":{"line":331,"column":3},"end":{"line":335,"column":67}},"106":{"start":{"line":336,"column":3},"end":{"line":336,"column":9}},"107":{"start":{"line":339,"column":21},"end":{"line":339,"column":67}},"108":{"start":{"line":340,"column":3},"end":{"line":344,"column":59}},"109":{"start":{"line":345,"column":3},"end":{"line":345,"column":9}},"110":{"start":{"line":348,"column":21},"end":{"line":348,"column":67}},"111":{"start":{"line":349,"column":3},"end":{"line":353,"column":59}},"112":{"start":{"line":354,"column":3},"end":{"line":354,"column":9}},"113":{"start":{"line":357,"column":3},"end":{"line":357,"column":17}},"114":{"start":{"line":361,"column":1},"end":{"line":371,"column":5}},"115":{"start":{"line":374,"column":9},"end":{"line":374,"column":31}}},"fnMap":{"0":{"name":"decodeTokenInstruction","decl":{"start":{"line":33,"column":9},"end":{"line":33,"column":31}},"loc":{"start":{"line":33,"column":67},"end":{"line":372,"column":1}}},"1":{"name":"(anonymous_1)","decl":{"start":{"line":65,"column":47},"end":{"line":65,"column":48}},"loc":{"start":{"line":65,"column":63},"end":{"line":65,"column":97}}},"2":{"name":"(anonymous_2)","decl":{"start":{"line":75,"column":52},"end":{"line":75,"column":53}},"loc":{"start":{"line":75,"column":68},"end":{"line":75,"column":102}}},"3":{"name":"(anonymous_3)","decl":{"start":{"line":90,"column":52},"end":{"line":90,"column":53}},"loc":{"start":{"line":90,"column":68},"end":{"line":90,"column":102}}},"4":{"name":"(anonymous_4)","decl":{"start":{"line":105,"column":52},"end":{"line":105,"column":53}},"loc":{"start":{"line":105,"column":68},"end":{"line":105,"column":102}}},"5":{"name":"(anonymous_5)","decl":{"start":{"line":128,"column":52},"end":{"line":128,"column":53}},"loc":{"start":{"line":128,"column":68},"end":{"line":128,"column":102}}},"6":{"name":"(anonymous_6)","decl":{"start":{"line":140,"column":52},"end":{"line":140,"column":53}},"loc":{"start":{"line":140,"column":68},"end":{"line":140,"column":102}}},"7":{"name":"(anonymous_7)","decl":{"start":{"line":155,"column":52},"end":{"line":155,"column":53}},"loc":{"start":{"line":155,"column":68},"end":{"line":155,"column":102}}},"8":{"name":"(anonymous_8)","decl":{"start":{"line":170,"column":52},"end":{"line":170,"column":53}},"loc":{"start":{"line":170,"column":68},"end":{"line":170,"column":102}}},"9":{"name":"(anonymous_9)","decl":{"start":{"line":185,"column":52},"end":{"line":185,"column":53}},"loc":{"start":{"line":185,"column":68},"end":{"line":185,"column":102}}},"10":{"name":"(anonymous_10)","decl":{"start":{"line":200,"column":52},"end":{"line":200,"column":53}},"loc":{"start":{"line":200,"column":68},"end":{"line":200,"column":102}}},"11":{"name":"(anonymous_11)","decl":{"start":{"line":215,"column":52},"end":{"line":215,"column":53}},"loc":{"start":{"line":215,"column":68},"end":{"line":215,"column":102}}},"12":{"name":"(anonymous_12)","decl":{"start":{"line":231,"column":52},"end":{"line":231,"column":53}},"loc":{"start":{"line":231,"column":68},"end":{"line":231,"column":102}}},"13":{"name":"(anonymous_13)","decl":{"start":{"line":247,"column":52},"end":{"line":247,"column":53}},"loc":{"start":{"line":247,"column":68},"end":{"line":247,"column":102}}},"14":{"name":"(anonymous_14)","decl":{"start":{"line":262,"column":52},"end":{"line":262,"column":53}},"loc":{"start":{"line":262,"column":68},"end":{"line":262,"column":102}}},"15":{"name":"(anonymous_15)","decl":{"start":{"line":310,"column":50},"end":{"line":310,"column":51}},"loc":{"start":{"line":310,"column":66},"end":{"line":310,"column":100}}}},"branchMap":{"0":{"loc":{"start":{"line":36,"column":1},"end":{"line":359,"column":2}},"type":"switch","locations":[{"start":{"line":37,"column":2},"end":{"line":48,"column":3}},{"start":{"line":49,"column":2},"end":{"line":62,"column":3}},{"start":{"line":63,"column":2},"end":{"line":72,"column":3}},{"start":{"line":73,"column":2},"end":{"line":87,"column":3}},{"start":{"line":88,"column":2},"end":{"line":102,"column":3}},{"start":{"line":103,"column":2},"end":{"line":112,"column":3}},{"start":{"line":113,"column":2},"end":{"line":137,"column":3}},{"start":{"line":138,"column":2},"end":{"line":152,"column":3}},{"start":{"line":153,"column":2},"end":{"line":167,"column":3}},{"start":{"line":168,"column":2},"end":{"line":182,"column":3}},{"start":{"line":183,"column":2},"end":{"line":197,"column":3}},{"start":{"line":198,"column":2},"end":{"line":212,"column":3}},{"start":{"line":213,"column":2},"end":{"line":228,"column":3}},{"start":{"line":229,"column":2},"end":{"line":244,"column":3}},{"start":{"line":245,"column":2},"end":{"line":259,"column":3}},{"start":{"line":260,"column":2},"end":{"line":274,"column":3}},{"start":{"line":275,"column":2},"end":{"line":287,"column":3}},{"start":{"line":288,"column":2},"end":{"line":296,"column":3}},{"start":{"line":297,"column":2},"end":{"line":308,"column":3}},{"start":{"line":309,"column":2},"end":{"line":317,"column":3}},{"start":{"line":318,"column":2},"end":{"line":328,"column":3}},{"start":{"line":329,"column":2},"end":{"line":337,"column":3}},{"start":{"line":338,"column":2},"end":{"line":346,"column":3}},{"start":{"line":347,"column":2},"end":{"line":355,"column":3}},{"start":{"line":356,"column":2},"end":{"line":358,"column":3}}]},"1":{"loc":{"start":{"line":121,"column":3},"end":{"line":127,"column":4}},"type":"if","locations":[{"start":{"line":121,"column":3},"end":{"line":127,"column":4}}]},"2":{"loc":{"start":{"line":321,"column":3},"end":{"line":321,"column":82}},"type":"if","locations":[{"start":{"line":321,"column":3},"end":{"line":321,"column":82}}]},"3":{"loc":{"start":{"line":361,"column":8},"end":{"line":371,"column":5}},"type":"cond-expr","locations":[{"start":{"line":362,"column":4},"end":{"line":365,"column":null}},{"start":{"line":366,"column":4},"end":{"line":371,"column":5}}]}},"s":{"0":8,"1":8,"2":8,"3":1,"4":1,"5":1,"6":0,"7":0,"8":0,"9":0,"10":0,"11":0,"12":0,"13":0,"14":0,"15":0,"16":0,"17":0,"18":0,"19":0,"20":0,"21":0,"22":0,"23":0,"24":0,"25":0,"26":0,"27":0,"28":0,"29":0,"30":0,"31":0,"32":0,"33":0,"34":0,"35":0,"36":0,"37":0,"38":0,"39":0,"40":0,"41":0,"42":0,"43":0,"44":0,"45":0,"46":0,"47":0,"48":0,"49":0,"50":0,"51":0,"52":0,"53":0,"54":0,"55":0,"56":0,"57":0,"58":0,"59":0,"60":0,"61":0,"62":0,"63":0,"64":0,"65":0,"66":0,"67":0,"68":0,"69":0,"70":0,"71":0,"72":0,"73":0,"74":0,"75":0,"76":0,"77":0,"78":0,"79":0,"80":0,"81":0,"82":0,"83":0,"84":0,"85":0,"86":0,"87":0,"88":0,"89":0,"90":0,"91":1,"92":1,"93":1,"94":0,"95":0,"96":0,"97":0,"98":0,"99":0,"100":0,"101":0,"102":0,"103":0,"104":0,"105":0,"106":0,"107":0,"108":0,"109":0,"110":0,"111":0,"112":0,"113":0,"114":1,"115":8},"f":{"0":1,"1":0,"2":0,"3":0,"4":0,"5":0,"6":0,"7":0,"8":0,"9":0,"10":0,"11":0,"12":0,"13":0,"14":0,"15":0},"b":{"0":[0,0,0,0,0,0,0,0,0,0,0,0,0,0,0,0,0,0,1,0,0,0,0,0,0],"1":[0],"2":[0],"3":[1,0]}}
,"/home/dougefish/projects/crypto/solana/parsers/yasp/src/decoders/token22.ts": {"path":"/home/dougefish/projects/crypto/solana/parsers/yasp/src/decoders/token22.ts","statementMap":{"0":{"start":{"line":1,"column":0},"end":{"line":1,"column":68}},"1":{"start":{"line":2,"column":0},"end":{"line":2,"column":null}},"2":{"start":{"line":58,"column":0},"end":{"line":58,"column":39}},"3":{"start":{"line":59,"column":0},"end":{"line":59,"column":64}},"4":{"start":{"line":61,"column":0},"end":{"line":61,"column":null}},"5":{"start":{"line":76,"column":17},"end":{"line":76,"column":36}},"6":{"start":{"line":77,"column":1},"end":{"line":870,"column":2}},"7":{"start":{"line":79,"column":21},"end":{"line":79,"column":74}},"8":{"start":{"line":80,"column":3},"end":{"line":87,"column":59}},"9":{"start":{"line":88,"column":3},"end":{"line":88,"column":9}},"10":{"start":{"line":91,"column":21},"end":{"line":91,"column":91}},"11":{"start":{"line":92,"column":3},"end":{"line":101,"column":62}},"12":{"start":{"line":102,"column":3},"end":{"line":102,"column":9}},"13":{"start":{"line":105,"column":21},"end":{"line":105,"column":92}},"14":{"start":{"line":106,"column":20},"end":{"line":106,"column":99}},"15":{"start":{"line":106,"column":63},"end":{"line":106,"column":97}},"16":{"start":{"line":107,"column":3},"end":{"line":111,"column":63}},"17":{"start":{"line":112,"column":3},"end":{"line":112,"column":9}},"18":{"start":{"line":115,"column":21},"end":{"line":115,"column":82}},"19":{"start":{"line":116,"column":20},"end":{"line":116,"column":104}},"20":{"start":{"line":116,"column":68},"end":{"line":116,"column":102}},"21":{"start":{"line":117,"column":3},"end":{"line":126,"column":53}},"22":{"start":{"line":127,"column":3},"end":{"line":127,"column":9}},"23":{"start":{"line":130,"column":21},"end":{"line":130,"column":81}},"24":{"start":{"line":131,"column":20},"end":{"line":131,"column":104}},"25":{"start":{"line":131,"column":68},"end":{"line":131,"column":102}},"26":{"start":{"line":132,"column":3},"end":{"line":141,"column":52}},"27":{"start":{"line":142,"column":3},"end":{"line":142,"column":9}},"28":{"start":{"line":145,"column":21},"end":{"line":145,"column":80}},"29":{"start":{"line":146,"column":20},"end":{"line":146,"column":104}},"30":{"start":{"line":146,"column":68},"end":{"line":146,"column":102}},"31":{"start":{"line":147,"column":3},"end":{"line":151,"column":51}},"32":{"start":{"line":152,"column":3},"end":{"line":152,"column":9}},"33":{"start":{"line":155,"column":21},"end":{"line":155,"column":86}},"34":{"start":{"line":156,"column":20},"end":{"line":156,"column":104}},"35":{"start":{"line":156,"column":68},"end":{"line":156,"column":102}},"36":{"start":{"line":157,"column":29},"end":{"line":173,"column":5}},"37":{"start":{"line":174,"column":3},"end":{"line":179,"column":57}},"38":{"start":{"line":180,"column":3},"end":{"line":180,"column":9}},"39":{"start":{"line":183,"column":21},"end":{"line":183,"column":80}},"40":{"start":{"line":184,"column":20},"end":{"line":184,"column":104}},"41":{"start":{"line":184,"column":68},"end":{"line":184,"column":102}},"42":{"start":{"line":185,"column":3},"end":{"line":194,"column":51}},"43":{"start":{"line":195,"column":3},"end":{"line":195,"column":9}},"44":{"start":{"line":198,"column":21},"end":{"line":198,"column":78}},"45":{"start":{"line":199,"column":20},"end":{"line":199,"column":104}},"46":{"start":{"line":199,"column":68},"end":{"line":199,"column":102}},"47":{"start":{"line":200,"column":3},"end":{"line":209,"column":49}},"48":{"start":{"line":210,"column":3},"end":{"line":210,"column":9}},"49":{"start":{"line":213,"column":21},"end":{"line":213,"column":86}},"50":{"start":{"line":214,"column":20},"end":{"line":214,"column":104}},"51":{"start":{"line":214,"column":68},"end":{"line":214,"column":102}},"52":{"start":{"line":215,"column":3},"end":{"line":224,"column":57}},"53":{"start":{"line":225,"column":3},"end":{"line":225,"column":9}},"54":{"start":{"line":228,"column":21},"end":{"line":228,"column":87}},"55":{"start":{"line":229,"column":20},"end":{"line":229,"column":104}},"56":{"start":{"line":229,"column":68},"end":{"line":229,"column":102}},"57":{"start":{"line":230,"column":3},"end":{"line":239,"column":58}},"58":{"start":{"line":240,"column":3},"end":{"line":240,"column":9}},"59":{"start":{"line":243,"column":21},"end":{"line":243,"column":85}},"60":{"start":{"line":244,"column":20},"end":{"line":244,"column":104}},"61":{"start":{"line":244,"column":68},"end":{"line":244,"column":102}},"62":{"start":{"line":245,"column":3},"end":{"line":254,"column":56}},"63":{"start":{"line":255,"column":3},"end":{"line":255,"column":9}},"64":{"start":{"line":258,"column":21},"end":{"line":258,"column":89}},"65":{"start":{"line":259,"column":20},"end":{"line":259,"column":104}},"66":{"start":{"line":259,"column":68},"end":{"line":259,"column":102}},"67":{"start":{"line":260,"column":3},"end":{"line":270,"column":60}},"68":{"start":{"line":271,"column":3},"end":{"line":271,"column":9}},"69":{"start":{"line":274,"column":21},"end":{"line":274,"column":88}},"70":{"start":{"line":275,"column":20},"end":{"line":275,"column":104}},"71":{"start":{"line":275,"column":68},"end":{"line":275,"column":102}},"72":{"start":{"line":276,"column":3},"end":{"line":286,"column":59}},"73":{"start":{"line":287,"column":3},"end":{"line":287,"column":9}},"74":{"start":{"line":290,"column":21},"end":{"line":290,"column":87}},"75":{"start":{"line":291,"column":20},"end":{"line":291,"column":104}},"76":{"start":{"line":291,"column":68},"end":{"line":291,"column":102}},"77":{"start":{"line":292,"column":3},"end":{"line":301,"column":58}},"78":{"start":{"line":302,"column":3},"end":{"line":302,"column":9}},"79":{"start":{"line":305,"column":21},"end":{"line":305,"column":85}},"80":{"start":{"line":306,"column":20},"end":{"line":306,"column":104}},"81":{"start":{"line":306,"column":68},"end":{"line":306,"column":102}},"82":{"start":{"line":307,"column":3},"end":{"line":316,"column":56}},"83":{"start":{"line":317,"column":3},"end":{"line":317,"column":9}},"84":{"start":{"line":320,"column":21},"end":{"line":320,"column":92}},"85":{"start":{"line":321,"column":3},"end":{"line":329,"column":63}},"86":{"start":{"line":330,"column":3},"end":{"line":330,"column":9}},"87":{"start":{"line":333,"column":3},"end":{"line":337,"column":55}},"88":{"start":{"line":338,"column":3},"end":{"line":338,"column":9}},"89":{"start":{"line":341,"column":21},"end":{"line":341,"column":92}},"90":{"start":{"line":342,"column":3},"end":{"line":349,"column":63}},"91":{"start":{"line":350,"column":3},"end":{"line":350,"column":9}},"92":{"start":{"line":353,"column":20},"end":{"line":353,"column":102}},"93":{"start":{"line":353,"column":66},"end":{"line":353,"column":100}},"94":{"start":{"line":354,"column":3},"end":{"line":358,"column":64}},"95":{"start":{"line":359,"column":3},"end":{"line":359,"column":9}},"96":{"start":{"line":362,"column":21},"end":{"line":362,"column":66}},"97":{"start":{"line":363,"column":21},"end":{"line":363,"column":40}},"98":{"start":{"line":364,"column":3},"end":{"line":364,"column":82}},"99":{"start":{"line":364,"column":19},"end":{"line":364,"column":82}},"100":{"start":{"line":365,"column":3},"end":{"line":369,"column":60}},"101":{"start":{"line":370,"column":3},"end":{"line":370,"column":9}},"102":{"start":{"line":373,"column":21},"end":{"line":373,"column":47}},"103":{"start":{"line":374,"column":3},"end":{"line":374,"column":85}},"104":{"start":{"line":374,"column":19},"end":{"line":374,"column":85}},"105":{"start":{"line":375,"column":27},"end":{"line":375,"column":76}},"106":{"start":{"line":376,"column":17},"end":{"line":378,"column":6}},"107":{"start":{"line":376,"column":126},"end":{"line":378,"column":5}},"108":{"start":{"line":380,"column":3},"end":{"line":387,"column":63}},"109":{"start":{"line":388,"column":3},"end":{"line":388,"column":9}},"110":{"start":{"line":391,"column":21},"end":{"line":391,"column":98}},"111":{"start":{"line":392,"column":19},"end":{"line":392,"column":41}},"112":{"start":{"line":393,"column":3},"end":{"line":393,"column":89}},"113":{"start":{"line":393,"column":17},"end":{"line":393,"column":89}},"114":{"start":{"line":394,"column":3},"end":{"line":398,"column":69}},"115":{"start":{"line":399,"column":3},"end":{"line":399,"column":9}},"116":{"start":{"line":402,"column":21},"end":{"line":402,"column":90}},"117":{"start":{"line":403,"column":21},"end":{"line":403,"column":40}},"118":{"start":{"line":404,"column":3},"end":{"line":404,"column":83}},"119":{"start":{"line":404,"column":19},"end":{"line":404,"column":83}},"120":{"start":{"line":405,"column":3},"end":{"line":409,"column":61}},"121":{"start":{"line":410,"column":3},"end":{"line":410,"column":9}},"122":{"start":{"line":413,"column":21},"end":{"line":413,"column":90}},"123":{"start":{"line":414,"column":21},"end":{"line":414,"column":40}},"124":{"start":{"line":415,"column":3},"end":{"line":415,"column":83}},"125":{"start":{"line":415,"column":19},"end":{"line":415,"column":83}},"126":{"start":{"line":416,"column":3},"end":{"line":420,"column":61}},"127":{"start":{"line":421,"column":3},"end":{"line":421,"column":9}},"128":{"start":{"line":424,"column":21},"end":{"line":424,"column":102}},"129":{"start":{"line":425,"column":21},"end":{"line":425,"column":40}},"130":{"start":{"line":426,"column":3},"end":{"line":426,"column":95}},"131":{"start":{"line":426,"column":19},"end":{"line":426,"column":95}},"132":{"start":{"line":427,"column":3},"end":{"line":431,"column":73}},"133":{"start":{"line":432,"column":3},"end":{"line":432,"column":9}},"134":{"start":{"line":435,"column":17},"end":{"line":435,"column":43}},"135":{"start":{"line":436,"column":3},"end":{"line":436,"column":79}},"136":{"start":{"line":436,"column":15},"end":{"line":436,"column":79}},"137":{"start":{"line":437,"column":3},"end":{"line":445,"column":61}},"138":{"start":{"line":446,"column":3},"end":{"line":446,"column":9}},"139":{"start":{"line":449,"column":25},"end":{"line":449,"column":44}},"140":{"start":{"line":450,"column":3},"end":{"line":571,"column":4}},"141":{"start":{"line":452,"column":23},"end":{"line":452,"column":103}},"142":{"start":{"line":453,"column":23},"end":{"line":453,"column":42}},"143":{"start":{"line":454,"column":5},"end":{"line":454,"column":96}},"144":{"start":{"line":454,"column":21},"end":{"line":454,"column":96}},"145":{"start":{"line":455,"column":5},"end":{"line":464,"column":47}},"146":{"start":{"line":465,"column":5},"end":{"line":465,"column":11}},"147":{"start":{"line":468,"column":23},"end":{"line":468,"column":98}},"148":{"start":{"line":469,"column":23},"end":{"line":469,"column":42}},"149":{"start":{"line":470,"column":5},"end":{"line":470,"column":91}},"150":{"start":{"line":470,"column":21},"end":{"line":470,"column":91}},"151":{"start":{"line":471,"column":5},"end":{"line":484,"column":47}},"152":{"start":{"line":485,"column":5},"end":{"line":489,"column":6}},"153":{"start":{"line":486,"column":23},"end":{"line":486,"column":102}},"154":{"start":{"line":486,"column":66},"end":{"line":486,"column":100}},"155":{"start":{"line":488,"column":6},"end":{"line":488,"column":40}},"156":{"start":{"line":490,"column":5},"end":{"line":490,"column":11}},"157":{"start":{"line":493,"column":23},"end":{"line":493,"column":106}},"158":{"start":{"line":494,"column":23},"end":{"line":494,"column":42}},"159":{"start":{"line":495,"column":5},"end":{"line":495,"column":99}},"160":{"start":{"line":495,"column":21},"end":{"line":495,"column":99}},"161":{"start":{"line":496,"column":5},"end":{"line":504,"column":47}},"162":{"start":{"line":505,"column":5},"end":{"line":508,"column":6}},"163":{"start":{"line":506,"column":23},"end":{"line":506,"column":102}},"164":{"start":{"line":506,"column":66},"end":{"line":506,"column":100}},"165":{"start":{"line":507,"column":6},"end":{"line":507,"column":40}},"166":{"start":{"line":509,"column":5},"end":{"line":509,"column":11}},"167":{"start":{"line":512,"column":23},"end":{"line":512,"column":110}},"168":{"start":{"line":513,"column":23},"end":{"line":513,"column":42}},"169":{"start":{"line":514,"column":5},"end":{"line":514,"column":103}},"170":{"start":{"line":514,"column":21},"end":{"line":514,"column":103}},"171":{"start":{"line":515,"column":5},"end":{"line":523,"column":47}},"172":{"start":{"line":524,"column":5},"end":{"line":527,"column":6}},"173":{"start":{"line":525,"column":23},"end":{"line":525,"column":102}},"174":{"start":{"line":525,"column":66},"end":{"line":525,"column":100}},"175":{"start":{"line":526,"column":6},"end":{"line":526,"column":40}},"176":{"start":{"line":528,"column":5},"end":{"line":531,"column":6}},"177":{"start":{"line":529,"column":23},"end":{"line":529,"column":102}},"178":{"start":{"line":529,"column":66},"end":{"line":529,"column":100}},"179":{"start":{"line":530,"column":6},"end":{"line":530,"column":40}},"180":{"start":{"line":532,"column":5},"end":{"line":532,"column":11}},"181":{"start":{"line":535,"column":23},"end":{"line":535,"column":103}},"182":{"start":{"line":536,"column":23},"end":{"line":536,"column":42}},"183":{"start":{"line":537,"column":5},"end":{"line":537,"column":96}},"184":{"start":{"line":537,"column":21},"end":{"line":537,"column":96}},"185":{"start":{"line":538,"column":5},"end":{"line":542,"column":47}},"186":{"start":{"line":543,"column":5},"end":{"line":546,"column":6}},"187":{"start":{"line":544,"column":23},"end":{"line":544,"column":102}},"188":{"start":{"line":544,"column":66},"end":{"line":544,"column":100}},"189":{"start":{"line":545,"column":6},"end":{"line":545,"column":40}},"190":{"start":{"line":547,"column":5},"end":{"line":547,"column":11}},"191":{"start":{"line":550,"column":23},"end":{"line":550,"column":90}},"192":{"start":{"line":551,"column":23},"end":{"line":551,"column":42}},"193":{"start":{"line":552,"column":5},"end":{"line":552,"column":83}},"194":{"start":{"line":552,"column":21},"end":{"line":552,"column":83}},"195":{"start":{"line":553,"column":5},"end":{"line":560,"column":47}},"196":{"start":{"line":561,"column":5},"end":{"line":564,"column":6}},"197":{"start":{"line":562,"column":23},"end":{"line":562,"column":102}},"198":{"start":{"line":562,"column":66},"end":{"line":562,"column":100}},"199":{"start":{"line":563,"column":6},"end":{"line":563,"column":40}},"200":{"start":{"line":565,"column":5},"end":{"line":565,"column":11}},"201":{"start":{"line":568,"column":5},"end":{"line":568,"column":19}},"202":{"start":{"line":569,"column":5},"end":{"line":569,"column":11}},"203":{"start":{"line":572,"column":3},"end":{"line":572,"column":9}},"204":{"start":{"line":575,"column":25},"end":{"line":575,"column":44}},"205":{"start":{"line":576,"column":3},"end":{"line":604,"column":4}},"206":{"start":{"line":578,"column":23},"end":{"line":578,"column":49}},"207":{"start":{"line":579,"column":5},"end":{"line":579,"column":98}},"208":{"start":{"line":579,"column":21},"end":{"line":579,"column":98}},"209":{"start":{"line":580,"column":29},"end":{"line":580,"column":88}},"210":{"start":{"line":581,"column":5},"end":{"line":585,"column":47}},"211":{"start":{"line":586,"column":5},"end":{"line":586,"column":11}},"212":{"start":{"line":589,"column":23},"end":{"line":589,"column":49}},"213":{"start":{"line":590,"column":5},"end":{"line":590,"column":94}},"214":{"start":{"line":590,"column":21},"end":{"line":590,"column":94}},"215":{"start":{"line":591,"column":22},"end":{"line":591,"column":104}},"216":{"start":{"line":591,"column":68},"end":{"line":591,"column":102}},"217":{"start":{"line":592,"column":29},"end":{"line":592,"column":88}},"218":{"start":{"line":593,"column":5},"end":{"line":597,"column":47}},"219":{"start":{"line":598,"column":5},"end":{"line":598,"column":11}},"220":{"start":{"line":601,"column":5},"end":{"line":601,"column":19}},"221":{"start":{"line":602,"column":5},"end":{"line":602,"column":11}},"222":{"start":{"line":605,"column":3},"end":{"line":605,"column":9}},"223":{"start":{"line":608,"column":19},"end":{"line":608,"column":45}},"224":{"start":{"line":609,"column":3},"end":{"line":609,"column":89}},"225":{"start":{"line":609,"column":17},"end":{"line":609,"column":89}},"226":{"start":{"line":610,"column":27},"end":{"line":610,"column":79}},"227":{"start":{"line":611,"column":3},"end":{"line":615,"column":45}},"228":{"start":{"line":616,"column":3},"end":{"line":616,"column":9}},"229":{"start":{"line":619,"column":16},"end":{"line":619,"column":42}},"230":{"start":{"line":620,"column":3},"end":{"line":620,"column":91}},"231":{"start":{"line":620,"column":14},"end":{"line":620,"column":91}},"232":{"start":{"line":621,"column":3},"end":{"line":625,"column":45}},"233":{"start":{"line":626,"column":3},"end":{"line":626,"column":9}},"234":{"start":{"line":629,"column":19},"end":{"line":629,"column":45}},"235":{"start":{"line":630,"column":3},"end":{"line":630,"column":90}},"236":{"start":{"line":630,"column":17},"end":{"line":630,"column":90}},"237":{"start":{"line":631,"column":20},"end":{"line":631,"column":102}},"238":{"start":{"line":631,"column":66},"end":{"line":631,"column":100}},"239":{"start":{"line":632,"column":27},"end":{"line":632,"column":75}},"240":{"start":{"line":633,"column":3},"end":{"line":637,"column":45}},"241":{"start":{"line":638,"column":3},"end":{"line":638,"column":9}},"242":{"start":{"line":641,"column":16},"end":{"line":641,"column":42}},"243":{"start":{"line":642,"column":3},"end":{"line":642,"column":89}},"244":{"start":{"line":642,"column":14},"end":{"line":642,"column":89}},"245":{"start":{"line":643,"column":21},"end":{"line":643,"column":101}},"246":{"start":{"line":644,"column":3},"end":{"line":648,"column":45}},"247":{"start":{"line":649,"column":3},"end":{"line":649,"column":9}},"248":{"start":{"line":652,"column":25},"end":{"line":652,"column":44}},"249":{"start":{"line":653,"column":3},"end":{"line":681,"column":4}},"250":{"start":{"line":655,"column":23},"end":{"line":655,"column":49}},"251":{"start":{"line":656,"column":5},"end":{"line":656,"column":91}},"252":{"start":{"line":656,"column":21},"end":{"line":656,"column":91}},"253":{"start":{"line":657,"column":29},"end":{"line":657,"column":91}},"254":{"start":{"line":658,"column":5},"end":{"line":662,"column":47}},"255":{"start":{"line":663,"column":5},"end":{"line":663,"column":11}},"256":{"start":{"line":666,"column":23},"end":{"line":666,"column":49}},"257":{"start":{"line":667,"column":5},"end":{"line":667,"column":87}},"258":{"start":{"line":667,"column":21},"end":{"line":667,"column":87}},"259":{"start":{"line":668,"column":22},"end":{"line":668,"column":104}},"260":{"start":{"line":668,"column":68},"end":{"line":668,"column":102}},"261":{"start":{"line":669,"column":29},"end":{"line":669,"column":87}},"262":{"start":{"line":670,"column":5},"end":{"line":674,"column":47}},"263":{"start":{"line":675,"column":5},"end":{"line":675,"column":11}},"264":{"start":{"line":678,"column":5},"end":{"line":678,"column":19}},"265":{"start":{"line":679,"column":5},"end":{"line":679,"column":11}},"266":{"start":{"line":682,"column":3},"end":{"line":682,"column":9}},"267":{"start":{"line":685,"column":25},"end":{"line":685,"column":44}},"268":{"start":{"line":686,"column":3},"end":{"line":714,"column":4}},"269":{"start":{"line":688,"column":23},"end":{"line":688,"column":49}},"270":{"start":{"line":689,"column":5},"end":{"line":689,"column":94}},"271":{"start":{"line":689,"column":21},"end":{"line":689,"column":94}},"272":{"start":{"line":690,"column":29},"end":{"line":690,"column":83}},"273":{"start":{"line":691,"column":5},"end":{"line":695,"column":47}},"274":{"start":{"line":696,"column":5},"end":{"line":696,"column":11}},"275":{"start":{"line":699,"column":23},"end":{"line":699,"column":49}},"276":{"start":{"line":700,"column":5},"end":{"line":700,"column":90}},"277":{"start":{"line":700,"column":21},"end":{"line":700,"column":90}},"278":{"start":{"line":701,"column":22},"end":{"line":701,"column":104}},"279":{"start":{"line":701,"column":68},"end":{"line":701,"column":102}},"280":{"start":{"line":702,"column":29},"end":{"line":702,"column":79}},"281":{"start":{"line":703,"column":5},"end":{"line":707,"column":47}},"282":{"start":{"line":708,"column":5},"end":{"line":708,"column":11}},"283":{"start":{"line":711,"column":5},"end":{"line":711,"column":19}},"284":{"start":{"line":712,"column":5},"end":{"line":712,"column":11}},"285":{"start":{"line":715,"column":3},"end":{"line":715,"column":9}},"286":{"start":{"line":718,"column":25},"end":{"line":718,"column":44}},"287":{"start":{"line":719,"column":3},"end":{"line":747,"column":4}},"288":{"start":{"line":721,"column":23},"end":{"line":721,"column":49}},"289":{"start":{"line":722,"column":5},"end":{"line":722,"column":91}},"290":{"start":{"line":722,"column":21},"end":{"line":722,"column":91}},"291":{"start":{"line":723,"column":29},"end":{"line":723,"column":80}},"292":{"start":{"line":724,"column":5},"end":{"line":728,"column":47}},"293":{"start":{"line":729,"column":5},"end":{"line":729,"column":11}},"294":{"start":{"line":732,"column":23},"end":{"line":732,"column":49}},"295":{"start":{"line":733,"column":5},"end":{"line":733,"column":87}},"296":{"start":{"line":733,"column":21},"end":{"line":733,"column":87}},"297":{"start":{"line":734,"column":22},"end":{"line":734,"column":104}},"298":{"start":{"line":734,"column":68},"end":{"line":734,"column":102}},"299":{"start":{"line":735,"column":29},"end":{"line":735,"column":76}},"300":{"start":{"line":736,"column":5},"end":{"line":740,"column":47}},"301":{"start":{"line":741,"column":5},"end":{"line":741,"column":11}},"302":{"start":{"line":744,"column":5},"end":{"line":744,"column":19}},"303":{"start":{"line":745,"column":5},"end":{"line":745,"column":11}},"304":{"start":{"line":748,"column":3},"end":{"line":748,"column":9}},"305":{"start":{"line":751,"column":25},"end":{"line":751,"column":44}},"306":{"start":{"line":752,"column":3},"end":{"line":780,"column":4}},"307":{"start":{"line":754,"column":23},"end":{"line":754,"column":49}},"308":{"start":{"line":755,"column":5},"end":{"line":755,"column":97}},"309":{"start":{"line":755,"column":21},"end":{"line":755,"column":97}},"310":{"start":{"line":756,"column":29},"end":{"line":756,"column":86}},"311":{"start":{"line":757,"column":5},"end":{"line":761,"column":47}},"312":{"start":{"line":762,"column":5},"end":{"line":762,"column":11}},"313":{"start":{"line":765,"column":23},"end":{"line":765,"column":49}},"314":{"start":{"line":766,"column":5},"end":{"line":766,"column":93}},"315":{"start":{"line":766,"column":21},"end":{"line":766,"column":93}},"316":{"start":{"line":767,"column":22},"end":{"line":767,"column":104}},"317":{"start":{"line":767,"column":68},"end":{"line":767,"column":102}},"318":{"start":{"line":768,"column":29},"end":{"line":768,"column":82}},"319":{"start":{"line":769,"column":5},"end":{"line":773,"column":47}},"320":{"start":{"line":774,"column":5},"end":{"line":774,"column":11}},"321":{"start":{"line":777,"column":5},"end":{"line":777,"column":19}},"322":{"start":{"line":778,"column":5},"end":{"line":778,"column":11}},"323":{"start":{"line":781,"column":3},"end":{"line":781,"column":9}},"324":{"start":{"line":784,"column":25},"end":{"line":784,"column":69}},"325":{"start":{"line":785,"column":128},"end":{"line":791,"column":35}},"326":{"start":{"line":791,"column":16},"end":{"line":791,"column":34}},"327":{"start":{"line":793,"column":3},"end":{"line":867,"column":4}},"328":{"start":{"line":795,"column":22},"end":{"line":795,"column":61}},"329":{"start":{"line":796,"column":5},"end":{"line":809,"column":47}},"330":{"start":{"line":810,"column":5},"end":{"line":810,"column":11}},"331":{"start":{"line":813,"column":18},"end":{"line":813,"column":63}},"332":{"start":{"line":814,"column":5},"end":{"line":824,"column":47}},"333":{"start":{"line":825,"column":5},"end":{"line":825,"column":11}},"334":{"start":{"line":828,"column":18},"end":{"line":828,"column":58}},"335":{"start":{"line":829,"column":5},"end":{"line":839,"column":47}},"336":{"start":{"line":840,"column":5},"end":{"line":840,"column":11}},"337":{"start":{"line":843,"column":18},"end":{"line":843,"column":64}},"338":{"start":{"line":844,"column":5},"end":{"line":853,"column":47}},"339":{"start":{"line":854,"column":5},"end":{"line":854,"column":11}},"340":{"start":{"line":857,"column":18},"end":{"line":857,"column":53}},"341":{"start":{"line":858,"column":5},"end":{"line":862,"column":47}},"342":{"start":{"line":863,"column":5},"end":{"line":863,"column":11}},"343":{"start":{"line":866,"column":5},"end":{"line":866,"column":19}},"344":{"start":{"line":868,"column":3},"end":{"line":868,"column":9}},"345":{"start":{"line":872,"column":1},"end":{"line":874,"column":123}},"346":{"start":{"line":877,"column":9},"end":{"line":877,"column":35}}},"fnMap":{"0":{"name":"decodeToken2022Instruction","decl":{"start":{"line":74,"column":9},"end":{"line":74,"column":35}},"loc":{"start":{"line":74,"column":71},"end":{"line":875,"column":1}}},"1":{"name":"(anonymous_1)","decl":{"start":{"line":106,"column":47},"end":{"line":106,"column":48}},"loc":{"start":{"line":106,"column":63},"end":{"line":106,"column":97}}},"2":{"name":"(anonymous_2)","decl":{"start":{"line":116,"column":52},"end":{"line":116,"column":53}},"loc":{"start":{"line":116,"column":68},"end":{"line":116,"column":102}}},"3":{"name":"(anonymous_3)","decl":{"start":{"line":131,"column":52},"end":{"line":131,"column":53}},"loc":{"start":{"line":131,"column":68},"end":{"line":131,"column":102}}},"4":{"name":"(anonymous_4)","decl":{"start":{"line":146,"column":52},"end":{"line":146,"column":53}},"loc":{"start":{"line":146,"column":68},"end":{"line":146,"column":102}}},"5":{"name":"(anonymous_5)","decl":{"start":{"line":156,"column":52},"end":{"line":156,"column":53}},"loc":{"start":{"line":156,"column":68},"end":{"line":156,"column":102}}},"6":{"name":"(anonymous_6)","decl":{"start":{"line":184,"column":52},"end":{"line":184,"column":53}},"loc":{"start":{"line":184,"column":68},"end":{"line":184,"column":102}}},"7":{"name":"(anonymous_7)","decl":{"start":{"line":199,"column":52},"end":{"line":199,"column":53}},"loc":{"start":{"line":199,"column":68},"end":{"line":199,"column":102}}},"8":{"name":"(anonymous_8)","decl":{"start":{"line":214,"column":52},"end":{"line":214,"column":53}},"loc":{"start":{"line":214,"column":68},"end":{"line":214,"column":102}}},"9":{"name":"(anonymous_9)","decl":{"start":{"line":229,"column":52},"end":{"line":229,"column":53}},"loc":{"start":{"line":229,"column":68},"end":{"line":229,"column":102}}},"10":{"name":"(anonymous_10)","decl":{"start":{"line":244,"column":52},"end":{"line":244,"column":53}},"loc":{"start":{"line":244,"column":68},"end":{"line":244,"column":102}}},"11":{"name":"(anonymous_11)","decl":{"start":{"line":259,"column":52},"end":{"line":259,"column":53}},"loc":{"start":{"line":259,"column":68},"end":{"line":259,"column":102}}},"12":{"name":"(anonymous_12)","decl":{"start":{"line":275,"column":52},"end":{"line":275,"column":53}},"loc":{"start":{"line":275,"column":68},"end":{"line":275,"column":102}}},"13":{"name":"(anonymous_13)","decl":{"start":{"line":291,"column":52},"end":{"line":291,"column":53}},"loc":{"start":{"line":291,"column":68},"end":{"line":291,"column":102}}},"14":{"name":"(anonymous_14)","decl":{"start":{"line":306,"column":52},"end":{"line":306,"column":53}},"loc":{"start":{"line":306,"column":68},"end":{"line":306,"column":102}}},"15":{"name":"(anonymous_15)","decl":{"start":{"line":353,"column":50},"end":{"line":353,"column":51}},"loc":{"start":{"line":353,"column":66},"end":{"line":353,"column":100}}},"16":{"name":"(anonymous_16)","decl":{"start":{"line":376,"column":116},"end":{"line":376,"column":117}},"loc":{"start":{"line":376,"column":126},"end":{"line":378,"column":5}}},"17":{"name":"(anonymous_17)","decl":{"start":{"line":486,"column":50},"end":{"line":486,"column":51}},"loc":{"start":{"line":486,"column":66},"end":{"line":486,"column":100}}},"18":{"name":"(anonymous_18)","decl":{"start":{"line":506,"column":50},"end":{"line":506,"column":51}},"loc":{"start":{"line":506,"column":66},"end":{"line":506,"column":100}}},"19":{"name":"(anonymous_19)","decl":{"start":{"line":525,"column":50},"end":{"line":525,"column":51}},"loc":{"start":{"line":525,"column":66},"end":{"line":525,"column":100}}},"20":{"name":"(anonymous_20)","decl":{"start":{"line":529,"column":50},"end":{"line":529,"column":51}},"loc":{"start":{"line":529,"column":66},"end":{"line":529,"column":100}}},"21":{"name":"(anonymous_21)","decl":{"start":{"line":544,"column":50},"end":{"line":544,"column":51}},"loc":{"start":{"line":544,"column":66},"end":{"line":544,"column":100}}},"22":{"name":"(anonymous_22)","decl":{"start":{"line":562,"column":50},"end":{"line":562,"column":51}},"loc":{"start":{"line":562,"column":66},"end":{"line":562,"column":100}}},"23":{"name":"(anonymous_23)","decl":{"start":{"line":591,"column":52},"end":{"line":591,"column":53}},"loc":{"start":{"line":591,"column":68},"end":{"line":591,"column":102}}},"24":{"name":"(anonymous_24)","decl":{"start":{"line":631,"column":50},"end":{"line":631,"column":51}},"loc":{"start":{"line":631,"column":66},"end":{"line":631,"column":100}}},"25":{"name":"(anonymous_25)","decl":{"start":{"line":668,"column":52},"end":{"line":668,"column":53}},"loc":{"start":{"line":668,"column":68},"end":{"line":668,"column":102}}},"26":{"name":"(anonymous_26)","decl":{"start":{"line":701,"column":52},"end":{"line":701,"column":53}},"loc":{"start":{"line":701,"column":68},"end":{"line":701,"column":102}}},"27":{"name":"(anonymous_27)","decl":{"start":{"line":734,"column":52},"end":{"line":734,"column":53}},"loc":{"start":{"line":734,"column":68},"end":{"line":734,"column":102}}},"28":{"name":"(anonymous_28)","decl":{"start":{"line":767,"column":52},"end":{"line":767,"column":53}},"loc":{"start":{"line":767,"column":68},"end":{"line":767,"column":102}}},"29":{"name":"(anonymous_29)","decl":{"start":{"line":791,"column":9},"end":{"line":791,"column":10}},"loc":{"start":{"line":791,"column":16},"end":{"line":791,"column":34}}}},"branchMap":{"0":{"loc":{"start":{"line":77,"column":1},"end":{"line":870,"column":2}},"type":"switch","locations":[{"start":{"line":78,"column":2},"end":{"line":89,"column":3}},{"start":{"line":90,"column":2},"end":{"line":103,"column":3}},{"start":{"line":104,"column":2},"end":{"line":113,"column":3}},{"start":{"line":114,"column":2},"end":{"line":128,"column":3}},{"start":{"line":129,"column":2},"end":{"line":143,"column":3}},{"start":{"line":144,"column":2},"end":{"line":153,"column":3}},{"start":{"line":154,"column":2},"end":{"line":181,"column":3}},{"start":{"line":182,"column":2},"end":{"line":196,"column":3}},{"start":{"line":197,"column":2},"end":{"line":211,"column":3}},{"start":{"line":212,"column":2},"end":{"line":226,"column":3}},{"start":{"line":227,"column":2},"end":{"line":241,"column":3}},{"start":{"line":242,"column":2},"end":{"line":256,"column":3}},{"start":{"line":257,"column":2},"end":{"line":272,"column":3}},{"start":{"line":273,"column":2},"end":{"line":288,"column":3}},{"start":{"line":289,"column":2},"end":{"line":303,"column":3}},{"start":{"line":304,"column":2},"end":{"line":318,"column":3}},{"start":{"line":319,"column":2},"end":{"line":331,"column":3}},{"start":{"line":332,"column":2},"end":{"line":339,"column":3}},{"start":{"line":340,"column":2},"end":{"line":351,"column":3}},{"start":{"line":352,"column":2},"end":{"line":360,"column":3}},{"start":{"line":361,"column":2},"end":{"line":371,"column":3}},{"start":{"line":372,"column":2},"end":{"line":389,"column":3}},{"start":{"line":390,"column":2},"end":{"line":400,"column":3}},{"start":{"line":401,"column":2},"end":{"line":411,"column":3}},{"start":{"line":412,"column":2},"end":{"line":422,"column":3}},{"start":{"line":423,"column":2},"end":{"line":433,"column":3}},{"start":{"line":434,"column":2},"end":{"line":447,"column":3}},{"start":{"line":448,"column":2},"end":{"line":573,"column":3}},{"start":{"line":574,"column":2},"end":{"line":606,"column":3}},{"start":{"line":607,"column":2},"end":{"line":617,"column":3}},{"start":{"line":618,"column":2},"end":{"line":627,"column":3}},{"start":{"line":628,"column":2},"end":{"line":639,"column":3}},{"start":{"line":640,"column":2},"end":{"line":650,"column":3}},{"start":{"line":651,"column":2},"end":{"line":683,"column":3}},{"start":{"line":684,"column":2},"end":{"line":716,"column":3}},{"start":{"line":717,"column":2},"end":{"line":749,"column":3}},{"start":{"line":750,"column":2},"end":{"line":782,"column":3}},{"start":{"line":783,"column":2},"end":{"line":869,"column":3}}]},"1":{"loc":{"start":{"line":364,"column":3},"end":{"line":364,"column":82}},"type":"if","locations":[{"start":{"line":364,"column":3},"end":{"line":364,"column":82}}]},"2":{"loc":{"start":{"line":374,"column":3},"end":{"line":374,"column":85}},"type":"if","locations":[{"start":{"line":374,"column":3},"end":{"line":374,"column":85}}]},"3":{"loc":{"start":{"line":393,"column":3},"end":{"line":393,"column":89}},"type":"if","locations":[{"start":{"line":393,"column":3},"end":{"line":393,"column":89}}]},"4":{"loc":{"start":{"line":404,"column":3},"end":{"line":404,"column":83}},"type":"if","locations":[{"start":{"line":404,"column":3},"end":{"line":404,"column":83}}]},"5":{"loc":{"start":{"line":415,"column":3},"end":{"line":415,"column":83}},"type":"if","locations":[{"start":{"line":415,"column":3},"end":{"line":415,"column":83}}]},"6":{"loc":{"start":{"line":426,"column":3},"end":{"line":426,"column":95}},"type":"if","locations":[{"start":{"line":426,"column":3},"end":{"line":426,"column":95}}]},"7":{"loc":{"start":{"line":436,"column":3},"end":{"line":436,"column":79}},"type":"if","locations":[{"start":{"line":436,"column":3},"end":{"line":436,"column":79}}]},"8":{"loc":{"start":{"line":450,"column":3},"end":{"line":571,"column":4}},"type":"switch","locations":[{"start":{"line":451,"column":4},"end":{"line":466,"column":5}},{"start":{"line":467,"column":4},"end":{"line":491,"column":5}},{"start":{"line":492,"column":4},"end":{"line":510,"column":5}},{"start":{"line":511,"column":4},"end":{"line":533,"column":5}},{"start":{"line":534,"column":4},"end":{"line":548,"column":5}},{"start":{"line":549,"column":4},"end":{"line":566,"column":5}},{"start":{"line":567,"column":4},"end":{"line":570,"column":5}}]},"9":{"loc":{"start":{"line":454,"column":5},"end":{"line":454,"column":96}},"type":"if","locations":[{"start":{"line":454,"column":5},"end":{"line":454,"column":96}}]},"10":{"loc":{"start":{"line":470,"column":5},"end":{"line":470,"column":91}},"type":"if","locations":[{"start":{"line":470,"column":5},"end":{"line":470,"column":91}}]},"11":{"loc":{"start":{"line":485,"column":5},"end":{"line":489,"column":6}},"type":"if","locations":[{"start":{"line":485,"column":5},"end":{"line":489,"column":6}}]},"12":{"loc":{"start":{"line":495,"column":5},"end":{"line":495,"column":99}},"type":"if","locations":[{"start":{"line":495,"column":5},"end":{"line":495,"column":99}}]},"13":{"loc":{"start":{"line":505,"column":5},"end":{"line":508,"column":6}},"type":"if","locations":[{"start":{"line":505,"column":5},"end":{"line":508,"column":6}}]},"14":{"loc":{"start":{"line":514,"column":5},"end":{"line":514,"column":103}},"type":"if","locations":[{"start":{"line":514,"column":5},"end":{"line":514,"column":103}}]},"15":{"loc":{"start":{"line":524,"column":5},"end":{"line":527,"column":6}},"type":"if","locations":[{"start":{"line":524,"column":5},"end":{"line":527,"column":6}}]},"16":{"loc":{"start":{"line":528,"column":5},"end":{"line":531,"column":6}},"type":"if","locations":[{"start":{"line":528,"column":5},"end":{"line":531,"column":6}}]},"17":{"loc":{"start":{"line":537,"column":5},"end":{"line":537,"column":96}},"type":"if","locations":[{"start":{"line":537,"column":5},"end":{"line":537,"column":96}}]},"18":{"loc":{"start":{"line":543,"column":5},"end":{"line":546,"column":6}},"type":"if","locations":[{"start":{"line":543,"column":5},"end":{"line":546,"column":6}}]},"19":{"loc":{"start":{"line":552,"column":5},"end":{"line":552,"column":83}},"type":"if","locations":[{"start":{"line":552,"column":5},"end":{"line":552,"column":83}}]},"20":{"loc":{"start":{"line":561,"column":5},"end":{"line":564,"column":6}},"type":"if","locations":[{"start":{"line":561,"column":5},"end":{"line":564,"column":6}}]},"21":{"loc":{"start":{"line":576,"column":3},"end":{"line":604,"column":4}},"type":"switch","locations":[{"start":{"line":577,"column":4},"end":{"line":587,"column":5}},{"start":{"line":588,"column":4},"end":{"line":599,"column":5}},{"start":{"line":600,"column":4},"end":{"line":603,"column":5}}]},"22":{"loc":{"start":{"line":579,"column":5},"end":{"line":579,"column":98}},"type":"if","locations":[{"start":{"line":579,"column":5},"end":{"line":579,"column":98}}]},"23":{"loc":{"start":{"line":590,"column":5},"end":{"line":590,"column":94}},"type":"if","locations":[{"start":{"line":590,"column":5},"end":{"line":590,"column":94}}]},"24":{"loc":{"start":{"line":609,"column":3},"end":{"line":609,"column":89}},"type":"if","locations":[{"start":{"line":609,"column":3},"end":{"line":609,"column":89}}]},"25":{"loc":{"start":{"line":620,"column":3},"end":{"line":620,"column":91}},"type":"if","locations":[{"start":{"line":620,"column":3},"end":{"line":620,"column":91}}]},"26":{"loc":{"start":{"line":630,"column":3},"end":{"line":630,"column":90}},"type":"if","locations":[{"start":{"line":630,"column":3},"end":{"line":630,"column":90}}]},"27":{"loc":{"start":{"line":642,"column":3},"end":{"line":642,"column":89}},"type":"if","locations":[{"start":{"line":642,"column":3},"end":{"line":642,"column":89}}]},"28":{"loc":{"start":{"line":653,"column":3},"end":{"line":681,"column":4}},"type":"switch","locations":[{"start":{"line":654,"column":4},"end":{"line":664,"column":5}},{"start":{"line":665,"column":4},"end":{"line":676,"column":5}},{"start":{"line":677,"column":4},"end":{"line":680,"column":5}}]},"29":{"loc":{"start":{"line":656,"column":5},"end":{"line":656,"column":91}},"type":"if","locations":[{"start":{"line":656,"column":5},"end":{"line":656,"column":91}}]},"30":{"loc":{"start":{"line":667,"column":5},"end":{"line":667,"column":87}},"type":"if","locations":[{"start":{"line":667,"column":5},"end":{"line":667,"column":87}}]},"31":{"loc":{"start":{"line":686,"column":3},"end":{"line":714,"column":4}},"type":"switch","locations":[{"start":{"line":687,"column":4},"end":{"line":697,"column":5}},{"start":{"line":698,"column":4},"end":{"line":709,"column":5}},{"start":{"line":710,"column":4},"end":{"line":713,"column":5}}]},"32":{"loc":{"start":{"line":689,"column":5},"end":{"line":689,"column":94}},"type":"if","locations":[{"start":{"line":689,"column":5},"end":{"line":689,"column":94}}]},"33":{"loc":{"start":{"line":700,"column":5},"end":{"line":700,"column":90}},"type":"if","locations":[{"start":{"line":700,"column":5},"end":{"line":700,"column":90}}]},"34":{"loc":{"start":{"line":719,"column":3},"end":{"line":747,"column":4}},"type":"switch","locations":[{"start":{"line":720,"column":4},"end":{"line":730,"column":5}},{"start":{"line":731,"column":4},"end":{"line":742,"column":5}},{"start":{"line":743,"column":4},"end":{"line":746,"column":5}}]},"35":{"loc":{"start":{"line":722,"column":5},"end":{"line":722,"column":91}},"type":"if","locations":[{"start":{"line":722,"column":5},"end":{"line":722,"column":91}}]},"36":{"loc":{"start":{"line":733,"column":5},"end":{"line":733,"column":87}},"type":"if","locations":[{"start":{"line":733,"column":5},"end":{"line":733,"column":87}}]},"37":{"loc":{"start":{"line":752,"column":3},"end":{"line":780,"column":4}},"type":"switch","locations":[{"start":{"line":753,"column":4},"end":{"line":763,"column":5}},{"start":{"line":764,"column":4},"end":{"line":775,"column":5}},{"start":{"line":776,"column":4},"end":{"line":779,"column":5}}]},"38":{"loc":{"start":{"line":755,"column":5},"end":{"line":755,"column":97}},"type":"if","locations":[{"start":{"line":755,"column":5},"end":{"line":755,"column":97}}]},"39":{"loc":{"start":{"line":766,"column":5},"end":{"line":766,"column":93}},"type":"if","locations":[{"start":{"line":766,"column":5},"end":{"line":766,"column":93}}]},"40":{"loc":{"start":{"line":793,"column":3},"end":{"line":867,"column":4}},"type":"switch","locations":[{"start":{"line":794,"column":4},"end":{"line":811,"column":5}},{"start":{"line":812,"column":4},"end":{"line":826,"column":5}},{"start":{"line":827,"column":4},"end":{"line":841,"column":5}},{"start":{"line":842,"column":4},"end":{"line":855,"column":5}},{"start":{"line":856,"column":4},"end":{"line":864,"column":5}},{"start":{"line":865,"column":4},"end":{"line":866,"column":19}}]},"41":{"loc":{"start":{"line":872,"column":8},"end":{"line":874,"column":122}},"type":"cond-expr","locations":[{"start":{"line":873,"column":4},"end":{"line":873,"column":51}},{"start":{"line":874,"column":4},"end":{"line":874,"column":122}}]}},"s":{"0":8,"1":8,"2":8,"3":8,"4":8,"5":0,"6":0,"7":0,"8":0,"9":0,"10":0,"11":0,"12":0,"13":0,"14":0,"15":0,"16":0,"17":0,"18":0,"19":0,"20":0,"21":0,"22":0,"23":0,"24":0,"25":0,"26":0,"27":0,"28":0,"29":0,"30":0,"31":0,"32":0,"33":0,"34":0,"35":0,"36":0,"37":0,"38":0,"39":0,"40":0,"41":0,"42":0,"43":0,"44":0,"45":0,"46":0,"47":0,"48":0,"49":0,"50":0,"51":0,"52":0,"53":0,"54":0,"55":0,"56":0,"57":0,"58":0,"59":0,"60":0,"61":0,"62":0,"63":0,"64":0,"65":0,"66":0,"67":0,"68":0,"69":0,"70":0,"71":0,"72":0,"73":0,"74":0,"75":0,"76":0,"77":0,"78":0,"79":0,"80":0,"81":0,"82":0,"83":0,"84":0,"85":0,"86":0,"87":0,"88":0,"89":0,"90":0,"91":0,"92":0,"93":0,"94":0,"95":0,"96":0,"97":0,"98":0,"99":0,"100":0,"101":0,"102":0,"103":0,"104":0,"105":0,"106":0,"107":0,"108":0,"109":0,"110":0,"111":0,"112":0,"113":0,"114":0,"115":0,"116":0,"117":0,"118":0,"119":0,"120":0,"121":0,"122":0,"123":0,"124":0,"125":0,"126":0,"127":0,"128":0,"129":0,"130":0,"131":0,"132":0,"133":0,"134":0,"135":0,"136":0,"137":0,"138":0,"139":0,"140":0,"141":0,"142":0,"143":0,"144":0,"145":0,"146":0,"147":0,"148":0,"149":0,"150":0,"151":0,"152":0,"153":0,"154":0,"155":0,"156":0,"157":0,"158":0,"159":0,"160":0,"161":0,"162":0,"163":0,"164":0,"165":0,"166":0,"167":0,"168":0,"169":0,"170":0,"171":0,"172":0,"173":0,"174":0,"175":0,"176":0,"177":0,"178":0,"179":0,"180":0,"181":0,"182":0,"183":0,"184":0,"185":0,"186":0,"187":0,"188":0,"189":0,"190":0,"191":0,"192":0,"193":0,"194":0,"195":0,"196":0,"197":0,"198":0,"199":0,"200":0,"201":0,"202":0,"203":0,"204":0,"205":0,"206":0,"207":0,"208":0,"209":0,"210":0,"211":0,"212":0,"213":0,"214":0,"215":0,"216":0,"217":0,"218":0,"219":0,"220":0,"221":0,"222":0,"223":0,"224":0,"225":0,"226":0,"227":0,"228":0,"229":0,"230":0,"231":0,"232":0,"233":0,"234":0,"235":0,"236":0,"237":0,"238":0,"239":0,"240":0,"241":0,"242":0,"243":0,"244":0,"245":0,"246":0,"247":0,"248":0,"249":0,"250":0,"251":0,"252":0,"253":0,"254":0,"255":0,"256":0,"257":0,"258":0,"259":0,"260":0,"261":0,"262":0,"263":0,"264":0,"265":0,"266":0,"267":0,"268":0,"269":0,"270":0,"271":0,"272":0,"273":0,"274":0,"275":0,"276":0,"277":0,"278":0,"279":0,"280":0,"281":0,"282":0,"283":0,"284":0,"285":0,"286":0,"287":0,"288":0,"289":0,"290":0,"291":0,"292":0,"293":0,"294":0,"295":0,"296":0,"297":0,"298":0,"299":0,"300":0,"301":0,"302":0,"303":0,"304":0,"305":0,"306":0,"307":0,"308":0,"309":0,"310":0,"311":0,"312":0,"313":0,"314":0,"315":0,"316":0,"317":0,"318":0,"319":0,"320":0,"321":0,"322":0,"323":0,"324":0,"325":0,"326":0,"327":0,"328":0,"329":0,"330":0,"331":0,"332":0,"333":0,"334":0,"335":0,"336":0,"337":0,"338":0,"339":0,"340":0,"341":0,"342":0,"343":0,"344":0,"345":0,"346":8},"f":{"0":0,"1":0,"2":0,"3":0,"4":0,"5":0,"6":0,"7":0,"8":0,"9":0,"10":0,"11":0,"12":0,"13":0,"14":0,"15":0,"16":0,"17":0,"18":0,"19":0,"20":0,"21":0,"22":0,"23":0,"24":0,"25":0,"26":0,"27":0,"28":0,"29":0},"b":{"0":[0,0,0,0,0,0,0,0,0,0,0,0,0,0,0,0,0,0,0,0,0,0,0,0,0,0,0,0,0,0,0,0,0,0,0,0,0,0],"1":[0],"2":[0],"3":[0],"4":[0],"5":[0],"6":[0],"7":[0],"8":[0,0,0,0,0,0,0],"9":[0],"10":[0],"11":[0],"12":[0],"13":[0],"14":[0],"15":[0],"16":[0],"17":[0],"18":[0],"19":[0],"20":[0],"21":[0,0,0],"22":[0],"23":[0],"24":[0],"25":[0],"26":[0],"27":[0],"28":[0,0,0],"29":[0],"30":[0],"31":[0,0,0],"32":[0],"33":[0],"34":[0,0,0],"35":[0],"36":[0],"37":[0,0,0],"38":[0],"39":[0],"40":[0,0,0,0,0,0],"41":[0,0]}}
,"/home/dougefish/projects/crypto/solana/parsers/yasp/src/programs/token-extensions/get-account-data-size-eztension.ts": {"path":"/home/dougefish/projects/crypto/solana/parsers/yasp/src/programs/token-extensions/get-account-data-size-eztension.ts","statementMap":{"0":{"start":{"line":1,"column":0},"end":{"line":1,"column":79}},"1":{"start":{"line":2,"column":0},"end":{"line":2,"column":44}},"2":{"start":{"line":4,"column":13},"end":{"line":7,"column":3}}},"fnMap":{},"branchMap":{},"s":{"0":8,"1":8,"2":8},"f":{},"b":{}}
,"/home/dougefish/projects/crypto/solana/parsers/yasp/src/programs/token-extensions/index.ts": {"path":"/home/dougefish/projects/crypto/solana/parsers/yasp/src/programs/token-extensions/index.ts","statementMap":{"0":{"start":{"line":1,"column":0},"end":{"line":1,"column":41}},"1":{"start":{"line":2,"column":0},"end":{"line":2,"column":43}},"2":{"start":{"line":3,"column":0},"end":{"line":3,"column":50}}},"fnMap":{},"branchMap":{},"s":{"0":8,"1":8,"2":8},"f":{},"b":{}}
,"/home/dougefish/projects/crypto/solana/parsers/yasp/src/programs/token-extensions/token-metadata-extension.ts": {"path":"/home/dougefish/projects/crypto/solana/parsers/yasp/src/programs/token-extensions/token-metadata-extension.ts","statementMap":{"0":{"start":{"line":1,"column":0},"end":{"line":1,"column":158}},"1":{"start":{"line":2,"column":0},"end":{"line":2,"column":61}},"2":{"start":{"line":3,"column":0},"end":{"line":3,"column":46}},"3":{"start":{"line":4,"column":0},"end":{"line":4,"column":54}},"4":{"start":{"line":6,"column":13},"end":{"line":12,"column":3}},"5":{"start":{"line":14,"column":22},"end":{"line":20,"column":12}},"6":{"start":{"line":15,"column":1},"end":{"line":20,"column":12}},"7":{"start":{"line":22,"column":13},"end":{"line":26,"column":3}},"8":{"start":{"line":28,"column":13},"end":{"line":31,"column":3}},"9":{"start":{"line":33,"column":13},"end":{"line":33,"column":107}},"10":{"start":{"line":35,"column":13},"end":{"line":38,"column":3}}},"fnMap":{"0":{"name":"(anonymous_0)","decl":{"start":{"line":14,"column":22},"end":{"line":14,"column":25}},"loc":{"start":{"line":15,"column":1},"end":{"line":20,"column":12}}}},"branchMap":{},"s":{"0":8,"1":8,"2":8,"3":8,"4":8,"5":8,"6":8,"7":8,"8":8,"9":8,"10":8},"f":{"0":8},"b":{}}
,"/home/dougefish/projects/crypto/solana/parsers/yasp/src/programs/token-extensions/transfer-fee-extension.ts": {"path":"/home/dougefish/projects/crypto/solana/parsers/yasp/src/programs/token-extensions/transfer-fee-extension.ts","statementMap":{"0":{"start":{"line":1,"column":0},"end":{"line":1,"column":56}},"1":{"start":{"line":2,"column":0},"end":{"line":2,"column":50}},"2":{"start":{"line":3,"column":0},"end":{"line":3,"column":null}},"3":{"start":{"line":20,"column":13},"end":{"line":25,"column":3}},"4":{"start":{"line":55,"column":85},"end":{"line":55,"column":127}},"5":{"start":{"line":57,"column":1},"end":{"line":70,"column":3}},"6":{"start":{"line":50,"column":0},"end":{"line":50,"column":16}},"7":{"start":{"line":98,"column":1},"end":{"line":98,"column":95}},"8":{"start":{"line":98,"column":47},"end":{"line":98,"column":95}},"9":{"start":{"line":99,"column":1},"end":{"line":99,"column":114}},"10":{"start":{"line":99,"column":69},"end":{"line":99,"column":114}},"11":{"start":{"line":104,"column":5},"end":{"line":104,"column":58}},"12":{"start":{"line":105,"column":1},"end":{"line":106,"column":47}},"13":{"start":{"line":106,"column":2},"end":{"line":106,"column":47}},"14":{"start":{"line":107,"column":1},"end":{"line":107,"column":57}},"15":{"start":{"line":107,"column":12},"end":{"line":107,"column":57}},"16":{"start":{"line":109,"column":1},"end":{"line":117,"column":3}},"17":{"start":{"line":97,"column":0},"end":{"line":97,"column":16}}},"fnMap":{"0":{"name":"decodeSetTransferFeeInstructionUnchecked","decl":{"start":{"line":50,"column":16},"end":{"line":50,"column":56}},"loc":{"start":{"line":54,"column":25},"end":{"line":71,"column":1}}},"1":{"name":"decodeSetTransferFeeInstruction","decl":{"start":{"line":97,"column":16},"end":{"line":97,"column":47}},"loc":{"start":{"line":97,"column":105},"end":{"line":118,"column":1}}}},"branchMap":{"0":{"loc":{"start":{"line":98,"column":1},"end":{"line":98,"column":95}},"type":"if","locations":[{"start":{"line":98,"column":1},"end":{"line":98,"column":95}}]},"1":{"loc":{"start":{"line":99,"column":1},"end":{"line":99,"column":114}},"type":"if","locations":[{"start":{"line":99,"column":1},"end":{"line":99,"column":114}}]},"2":{"loc":{"start":{"line":105,"column":1},"end":{"line":106,"column":47}},"type":"if","locations":[{"start":{"line":105,"column":1},"end":{"line":106,"column":47}}]},"3":{"loc":{"start":{"line":105,"column":5},"end":{"line":105,"column":136}},"type":"binary-expr","locations":[{"start":{"line":105,"column":5},"end":{"line":105,"column":63}},{"start":{"line":105,"column":67},"end":{"line":105,"column":136}}]},"4":{"loc":{"start":{"line":107,"column":1},"end":{"line":107,"column":57}},"type":"if","locations":[{"start":{"line":107,"column":1},"end":{"line":107,"column":57}}]},"5":{"loc":{"start":{"line":114,"column":12},"end":{"line":114,"column":36}},"type":"cond-expr","locations":[{"start":{"line":114,"column":22},"end":{"line":114,"column":29}},{"start":{"line":114,"column":32},"end":{"line":114,"column":36}}]}},"s":{"0":8,"1":8,"2":8,"3":8,"4":0,"5":0,"6":8,"7":0,"8":0,"9":0,"10":0,"11":0,"12":0,"13":0,"14":0,"15":0,"16":0,"17":8},"f":{"0":0,"1":0},"b":{"0":[0],"1":[0],"2":[0],"3":[0,0],"4":[0],"5":[0,0]}}
}
