TN:
SF:src/index.ts
FN:4,(anonymous_4)
FNF:1
FNH:1
FNDA:1,(anonymous_4)
DA:1,8
DA:2,8
DA:3,8
DA:4,9
LF:4
LH:4
BRF:0
BRH:0
end_of_record
TN:
SF:src/parsers.ts
FN:42,flattenIdlAccounts
FN:44,(anonymous_1)
FN:78,(anonymous_2)
FN:113,(anonymous_3)
FN:122,(anonymous_4)
FN:126,(anonymous_5)
FN:127,(anonymous_6)
FN:133,(anonymous_7)
FN:138,(anonymous_8)
FN:170,(anonymous_9)
FN:174,(anonymous_10)
FN:188,(anonymous_11)
FN:204,(anonymous_12)
FN:210,(anonymous_13)
FN:220,(anonymous_14)
FN:231,(anonymous_15)
FN:242,(anonymous_16)
FN:248,(anonymous_17)
FN:252,(anonymous_18)
FN:253,(anonymous_19)
FN:256,(anonymous_20)
FN:257,(anonymous_21)
FN:258,(anonymous_22)
FNF:23
FNH:22
FNDA:5,flattenIdlAccounts
FNDA:51,(anonymous_1)
FNDA:8,(anonymous_2)
FNDA:3,(anonymous_3)
FNDA:1,(anonymous_4)
FNDA:3,(anonymous_5)
FNDA:4,(anonymous_6)
FNDA:49,(anonymous_7)
FNDA:65,(anonymous_8)
FNDA:1,(anonymous_9)
FNDA:5,(anonymous_10)
FNDA:46,(anonymous_11)
FNDA:26,(anonymous_12)
FNDA:42,(anonymous_13)
FNDA:3,(anonymous_14)
FNDA:2,(anonymous_15)
FNDA:22,(anonymous_16)
FNDA:1,(anonymous_17)
FNDA:1,(anonymous_18)
FNDA:1,(anonymous_19)
FNDA:1,(anonymous_20)
FNDA:5,(anonymous_21)
FNDA:0,(anonymous_22)
DA:1,8
DA:3,8
DA:18,8
DA:19,8
DA:33,8
DA:34,8
DA:43,5
DA:45,51
DA:46,51
DA:47,1
DA:49,1
DA:51,50
DA:68,8
DA:79,8
DA:87,8
DA:88,8
DA:89,2
DA:92,8
DA:93,0
DA:96,8
DA:98,8
DA:99,40
DA:100,40
DA:105,8
DA:114,3
DA:123,1
DA:127,3
DA:128,4
DA:129,4
DA:130,4
DA:131,0
DA:133,49
DA:134,4
DA:135,0
DA:137,4
DA:138,4
DA:139,65
DA:140,50
DA:147,15
DA:154,4
DA:163,3
DA:171,1
DA:175,5
DA:189,46
DA:190,5
DA:192,41
DA:194,41
DA:208,26
DA:210,42
DA:226,3
DA:227,3
DA:228,2
DA:229,1
DA:231,2
DA:234,1
DA:243,22
DA:244,22
DA:245,22
DA:247,22
DA:248,1
DA:249,1
DA:250,1
DA:251,1
DA:252,1
DA:253,1
DA:254,1
DA:255,1
DA:256,1
DA:257,5
DA:258,1
DA:260,1
DA:267,22
LF:72
LH:69
BRDA:46,0,0,1
BRDA:46,0,1,50
BRDA:47,1,0,0
BRDA:47,1,1,1
BRDA:53,2,0,18
BRDA:53,2,1,32
BRDA:87,3,0,8
BRDA:87,3,1,8
BRDA:92,4,0,0
BRDA:92,4,1,8
BRDA:99,5,0,40
BRDA:130,6,0,0
BRDA:130,6,1,4
BRDA:134,7,0,0
BRDA:139,8,0,50
BRDA:139,8,1,15
BRDA:179,9,0,5
BRDA:179,9,1,5
BRDA:189,10,0,5
BRDA:189,10,1,41
BRDA:206,11,0,0
BRDA:223,12,0,1
BRDA:224,13,0,3
BRDA:227,14,0,1
BRDA:228,15,0,1
BRDA:243,16,0,1
BRDA:247,17,0,1
BRDA:249,18,0,1
BRDA:252,19,0,1
BRDA:252,19,1,1
BRF:30
BRH:25
end_of_record
TN:
SF:src/decoders/associated.ts
FN:5,decodeAssociatedTokenInstruction
FNF:1
FNH:1
FNDA:1,decodeAssociatedTokenInstruction
DA:3,8
DA:6,1
DA:22,8
LF:3
LH:3
BRDA:7,0,0,0
BRDA:7,0,1,1
BRDA:15,1,0,0
BRDA:15,1,1,1
BRF:4
BRH:2
end_of_record
TN:
SF:src/decoders/index.ts
FN:7,(anonymous_0)
FN:7,(anonymous_1)
FN:7,(anonymous_2)
FN:7,(anonymous_3)
FN:7,(anonymous_4)
FNF:5
FNH:5
FNDA:8,(anonymous_0)
FNDA:8,(anonymous_1)
FNDA:8,(anonymous_2)
FNDA:8,(anonymous_3)
FNDA:8,(anonymous_4)
DA:1,8
DA:2,8
DA:3,8
DA:4,8
DA:5,8
DA:7,16
LF:6
LH:6
BRF:0
BRH:0
end_of_record
TN:
SF:src/decoders/stake.ts
FN:5,decodeStakeInstruction
FN:6,(anonymous_1)
FNF:2
FNH:2
FNDA:9,decodeStakeInstruction
FNDA:32,(anonymous_1)
DA:1,8
DA:6,32
DA:13,9
DA:15,9
DA:17,2
DA:18,2
DA:35,2
DA:38,1
DA:39,1
DA:63,1
DA:66,1
DA:67,1
DA:92,1
DA:95,1
DA:96,1
DA:117,1
DA:120,1
DA:121,1
DA:155,1
DA:158,1
DA:159,1
DA:189,1
DA:192,1
DA:193,1
DA:216,1
DA:219,1
DA:220,1
DA:253,1
DA:256,0
DA:257,0
DA:261,9
DA:274,8
LF:32
LH:30
BRDA:15,0,0,2
BRDA:15,0,1,1
BRDA:15,0,2,1
BRDA:15,0,3,1
BRDA:15,0,4,1
BRDA:15,0,5,1
BRDA:15,0,6,1
BRDA:15,0,7,1
BRDA:15,0,8,0
BRDA:54,1,0,0
BRDA:54,1,1,1
BRDA:82,2,0,0
BRDA:82,2,1,1
BRDA:243,3,0,0
BRDA:243,3,1,1
BRDA:261,4,0,9
BRDA:261,4,1,0
BRF:17
BRH:12
end_of_record
TN:
SF:src/decoders/system.ts
FN:6,decodeSystemInstruction
FNF:1
FNH:1
FNDA:22,decodeSystemInstruction
DA:1,8
DA:2,8
DA:7,22
DA:9,22
DA:11,1
DA:13,1
DA:22,1
DA:25,1
DA:26,1
DA:31,1
DA:34,1
DA:35,1
DA:48,1
DA:51,1
DA:52,1
DA:57,1
DA:60,1
DA:61,1
DA:73,1
DA:76,1
DA:77,1
DA:85,1
DA:88,4
DA:89,4
DA:97,4
DA:100,2
DA:101,2
DA:116,2
DA:119,2
DA:120,2
DA:129,2
DA:132,6
DA:133,6
DA:141,6
DA:144,1
DA:145,1
DA:154,1
DA:157,1
DA:158,1
DA:169,1
DA:172,0
DA:176,22
DA:189,8
LF:43
LH:42
BRDA:9,0,0,1
BRDA:9,0,1,1
BRDA:9,0,2,1
BRDA:9,0,3,1
BRDA:9,0,4,1
BRDA:9,0,5,1
BRDA:9,0,6,4
BRDA:9,0,7,2
BRDA:9,0,8,2
BRDA:9,0,9,6
BRDA:9,0,10,1
BRDA:9,0,11,1
BRDA:9,0,12,0
BRDA:176,1,0,22
BRDA:176,1,1,0
BRF:15
BRH:13
end_of_record
TN:
SF:src/decoders/token.ts
FN:33,decodeTokenInstruction
FN:65,(anonymous_1)
FN:75,(anonymous_2)
FN:90,(anonymous_3)
FN:105,(anonymous_4)
FN:128,(anonymous_5)
FN:140,(anonymous_6)
FN:155,(anonymous_7)
FN:170,(anonymous_8)
FN:185,(anonymous_9)
FN:200,(anonymous_10)
FN:215,(anonymous_11)
FN:231,(anonymous_12)
FN:247,(anonymous_13)
FN:262,(anonymous_14)
FN:310,(anonymous_15)
FNF:16
FNH:1
FNDA:1,decodeTokenInstruction
FNDA:0,(anonymous_1)
FNDA:0,(anonymous_2)
FNDA:0,(anonymous_3)
FNDA:0,(anonymous_4)
FNDA:0,(anonymous_5)
FNDA:0,(anonymous_6)
FNDA:0,(anonymous_7)
FNDA:0,(anonymous_8)
FNDA:0,(anonymous_9)
FNDA:0,(anonymous_10)
FNDA:0,(anonymous_11)
FNDA:0,(anonymous_12)
FNDA:0,(anonymous_13)
FNDA:0,(anonymous_14)
FNDA:0,(anonymous_15)
DA:1,8
DA:29,8
DA:30,8
DA:34,1
DA:35,1
DA:36,1
DA:38,0
DA:39,0
DA:47,0
DA:50,0
DA:51,0
DA:61,0
DA:64,0
DA:65,0
DA:66,0
DA:71,0
DA:74,0
DA:75,0
DA:76,0
DA:86,0
DA:89,0
DA:90,0
DA:91,0
DA:101,0
DA:104,0
DA:105,0
DA:106,0
DA:111,0
DA:114,0
DA:115,0
DA:121,0
DA:126,0
DA:128,0
DA:129,0
DA:136,0
DA:139,0
DA:140,0
DA:141,0
DA:151,0
DA:154,0
DA:155,0
DA:156,0
DA:166,0
DA:169,0
DA:170,0
DA:171,0
DA:181,0
DA:184,0
DA:185,0
DA:186,0
DA:196,0
DA:199,0
DA:200,0
DA:201,0
DA:211,0
DA:214,0
DA:215,0
DA:216,0
DA:227,0
DA:230,0
DA:231,0
DA:232,0
DA:243,0
DA:246,0
DA:247,0
DA:248,0
DA:258,0
DA:261,0
DA:262,0
DA:263,0
DA:273,0
DA:276,0
DA:277,0
DA:286,0
DA:289,0
DA:290,0
DA:295,0
DA:298,1
DA:299,1
DA:307,1
DA:310,0
DA:311,0
DA:316,0
DA:319,0
DA:320,0
DA:321,0
DA:322,0
DA:327,0
DA:330,0
DA:331,0
DA:336,0
DA:339,0
DA:340,0
DA:345,0
DA:348,0
DA:349,0
DA:354,0
DA:357,0
DA:361,1
DA:374,8
LF:100
LH:11
BRDA:36,0,0,0
BRDA:36,0,1,0
BRDA:36,0,2,0
BRDA:36,0,3,0
BRDA:36,0,4,0
BRDA:36,0,5,0
BRDA:36,0,6,0
BRDA:36,0,7,0
BRDA:36,0,8,0
BRDA:36,0,9,0
BRDA:36,0,10,0
BRDA:36,0,11,0
BRDA:36,0,12,0
BRDA:36,0,13,0
BRDA:36,0,14,0
BRDA:36,0,15,0
BRDA:36,0,16,0
BRDA:36,0,17,0
BRDA:36,0,18,1
BRDA:36,0,19,0
BRDA:36,0,20,0
BRDA:36,0,21,0
BRDA:36,0,22,0
BRDA:36,0,23,0
BRDA:36,0,24,0
BRDA:121,1,0,0
BRDA:321,2,0,0
BRDA:361,3,0,1
BRDA:361,3,1,0
BRF:29
BRH:2
end_of_record
TN:
SF:src/decoders/token22.ts
FN:74,decodeToken2022Instruction
FN:106,(anonymous_1)
FN:116,(anonymous_2)
FN:131,(anonymous_3)
FN:146,(anonymous_4)
FN:156,(anonymous_5)
FN:184,(anonymous_6)
FN:199,(anonymous_7)
FN:214,(anonymous_8)
FN:229,(anonymous_9)
FN:244,(anonymous_10)
FN:259,(anonymous_11)
FN:275,(anonymous_12)
FN:291,(anonymous_13)
FN:306,(anonymous_14)
FN:353,(anonymous_15)
FN:376,(anonymous_16)
FN:486,(anonymous_17)
FN:506,(anonymous_18)
FN:525,(anonymous_19)
FN:529,(anonymous_20)
FN:544,(anonymous_21)
FN:562,(anonymous_22)
FN:591,(anonymous_23)
FN:631,(anonymous_24)
FN:668,(anonymous_25)
FN:701,(anonymous_26)
FN:734,(anonymous_27)
FN:767,(anonymous_28)
FN:791,(anonymous_29)
FNF:30
FNH:0
FNDA:0,decodeToken2022Instruction
FNDA:0,(anonymous_1)
FNDA:0,(anonymous_2)
FNDA:0,(anonymous_3)
FNDA:0,(anonymous_4)
FNDA:0,(anonymous_5)
FNDA:0,(anonymous_6)
FNDA:0,(anonymous_7)
FNDA:0,(anonymous_8)
FNDA:0,(anonymous_9)
FNDA:0,(anonymous_10)
FNDA:0,(anonymous_11)
FNDA:0,(anonymous_12)
FNDA:0,(anonymous_13)
FNDA:0,(anonymous_14)
FNDA:0,(anonymous_15)
FNDA:0,(anonymous_16)
FNDA:0,(anonymous_17)
FNDA:0,(anonymous_18)
FNDA:0,(anonymous_19)
FNDA:0,(anonymous_20)
FNDA:0,(anonymous_21)
FNDA:0,(anonymous_22)
FNDA:0,(anonymous_23)
FNDA:0,(anonymous_24)
FNDA:0,(anonymous_25)
FNDA:0,(anonymous_26)
FNDA:0,(anonymous_27)
FNDA:0,(anonymous_28)
FNDA:0,(anonymous_29)
DA:1,8
DA:2,8
DA:58,8
DA:59,8
DA:61,8
DA:76,0
DA:77,0
DA:79,0
DA:80,0
DA:88,0
DA:91,0
DA:92,0
DA:102,0
DA:105,0
DA:106,0
DA:107,0
DA:112,0
DA:115,0
DA:116,0
DA:117,0
DA:127,0
DA:130,0
DA:131,0
DA:132,0
DA:142,0
DA:145,0
DA:146,0
DA:147,0
DA:152,0
DA:155,0
DA:156,0
DA:157,0
DA:174,0
DA:180,0
DA:183,0
DA:184,0
DA:185,0
DA:195,0
DA:198,0
DA:199,0
DA:200,0
DA:210,0
DA:213,0
DA:214,0
DA:215,0
DA:225,0
DA:228,0
DA:229,0
DA:230,0
DA:240,0
DA:243,0
DA:244,0
DA:245,0
DA:255,0
DA:258,0
DA:259,0
DA:260,0
DA:271,0
DA:274,0
DA:275,0
DA:276,0
DA:287,0
DA:290,0
DA:291,0
DA:292,0
DA:302,0
DA:305,0
DA:306,0
DA:307,0
DA:317,0
DA:320,0
DA:321,0
DA:330,0
DA:333,0
DA:338,0
DA:341,0
DA:342,0
DA:350,0
DA:353,0
DA:354,0
DA:359,0
DA:362,0
DA:363,0
DA:364,0
DA:365,0
DA:370,0
DA:373,0
DA:374,0
DA:375,0
DA:376,0
DA:380,0
DA:388,0
DA:391,0
DA:392,0
DA:393,0
DA:394,0
DA:399,0
DA:402,0
DA:403,0
DA:404,0
DA:405,0
DA:410,0
DA:413,0
DA:414,0
DA:415,0
DA:416,0
DA:421,0
DA:424,0
DA:425,0
DA:426,0
DA:427,0
DA:432,0
DA:435,0
DA:436,0
DA:437,0
DA:446,0
DA:449,0
DA:450,0
DA:452,0
DA:453,0
DA:454,0
DA:455,0
DA:465,0
DA:468,0
DA:469,0
DA:470,0
DA:471,0
DA:485,0
DA:486,0
DA:488,0
DA:490,0
DA:493,0
DA:494,0
DA:495,0
DA:496,0
DA:505,0
DA:506,0
DA:507,0
DA:509,0
DA:512,0
DA:513,0
DA:514,0
DA:515,0
DA:524,0
DA:525,0
DA:526,0
DA:528,0
DA:529,0
DA:530,0
DA:532,0
DA:535,0
DA:536,0
DA:537,0
DA:538,0
DA:543,0
DA:544,0
DA:545,0
DA:547,0
DA:550,0
DA:551,0
DA:552,0
DA:553,0
DA:561,0
DA:562,0
DA:563,0
DA:565,0
DA:568,0
DA:569,0
DA:572,0
DA:575,0
DA:576,0
DA:578,0
DA:579,0
DA:580,0
DA:581,0
DA:586,0
DA:589,0
DA:590,0
DA:591,0
DA:592,0
DA:593,0
DA:598,0
DA:601,0
DA:602,0
DA:605,0
DA:608,0
DA:609,0
DA:610,0
DA:611,0
DA:616,0
DA:619,0
DA:620,0
DA:621,0
DA:626,0
DA:629,0
DA:630,0
DA:631,0
DA:632,0
DA:633,0
DA:638,0
DA:641,0
DA:642,0
DA:643,0
DA:644,0
DA:649,0
DA:652,0
DA:653,0
DA:655,0
DA:656,0
DA:657,0
DA:658,0
DA:663,0
DA:666,0
DA:667,0
DA:668,0
DA:669,0
DA:670,0
DA:675,0
DA:678,0
DA:679,0
DA:682,0
DA:685,0
DA:686,0
DA:688,0
DA:689,0
DA:690,0
DA:691,0
DA:696,0
DA:699,0
DA:700,0
DA:701,0
DA:702,0
DA:703,0
DA:708,0
DA:711,0
DA:712,0
DA:715,0
DA:718,0
DA:719,0
DA:721,0
DA:722,0
DA:723,0
DA:724,0
DA:729,0
DA:732,0
DA:733,0
DA:734,0
DA:735,0
DA:736,0
DA:741,0
DA:744,0
DA:745,0
DA:748,0
DA:751,0
DA:752,0
DA:754,0
DA:755,0
DA:756,0
DA:757,0
DA:762,0
DA:765,0
DA:766,0
DA:767,0
DA:768,0
DA:769,0
DA:774,0
DA:777,0
DA:778,0
DA:781,0
DA:784,0
DA:785,0
DA:791,0
DA:793,0
DA:795,0
DA:796,0
DA:810,0
DA:813,0
DA:814,0
DA:825,0
DA:828,0
DA:829,0
DA:840,0
DA:843,0
DA:844,0
DA:854,0
DA:857,0
DA:858,0
DA:863,0
DA:866,0
DA:868,0
DA:872,0
DA:877,8
LF:292
LH:6
BRDA:77,0,0,0
BRDA:77,0,1,0
BRDA:77,0,2,0
BRDA:77,0,3,0
BRDA:77,0,4,0
BRDA:77,0,5,0
BRDA:77,0,6,0
BRDA:77,0,7,0
BRDA:77,0,8,0
BRDA:77,0,9,0
BRDA:77,0,10,0
BRDA:77,0,11,0
BRDA:77,0,12,0
BRDA:77,0,13,0
BRDA:77,0,14,0
BRDA:77,0,15,0
BRDA:77,0,16,0
BRDA:77,0,17,0
BRDA:77,0,18,0
BRDA:77,0,19,0
BRDA:77,0,20,0
BRDA:77,0,21,0
BRDA:77,0,22,0
BRDA:77,0,23,0
BRDA:77,0,24,0
BRDA:77,0,25,0
BRDA:77,0,26,0
BRDA:77,0,27,0
BRDA:77,0,28,0
BRDA:77,0,29,0
BRDA:77,0,30,0
BRDA:77,0,31,0
BRDA:77,0,32,0
BRDA:77,0,33,0
BRDA:77,0,34,0
BRDA:77,0,35,0
BRDA:77,0,36,0
BRDA:77,0,37,0
BRDA:364,1,0,0
BRDA:374,2,0,0
BRDA:393,3,0,0
BRDA:404,4,0,0
BRDA:415,5,0,0
BRDA:426,6,0,0
BRDA:436,7,0,0
BRDA:450,8,0,0
BRDA:450,8,1,0
BRDA:450,8,2,0
BRDA:450,8,3,0
BRDA:450,8,4,0
BRDA:450,8,5,0
BRDA:450,8,6,0
BRDA:454,9,0,0
BRDA:470,10,0,0
BRDA:485,11,0,0
BRDA:495,12,0,0
BRDA:505,13,0,0
BRDA:514,14,0,0
BRDA:524,15,0,0
BRDA:528,16,0,0
BRDA:537,17,0,0
BRDA:543,18,0,0
BRDA:552,19,0,0
BRDA:561,20,0,0
BRDA:576,21,0,0
BRDA:576,21,1,0
BRDA:576,21,2,0
BRDA:579,22,0,0
BRDA:590,23,0,0
BRDA:609,24,0,0
BRDA:620,25,0,0
BRDA:630,26,0,0
BRDA:642,27,0,0
BRDA:653,28,0,0
BRDA:653,28,1,0
BRDA:653,28,2,0
BRDA:656,29,0,0
BRDA:667,30,0,0
BRDA:686,31,0,0
BRDA:686,31,1,0
BRDA:686,31,2,0
BRDA:689,32,0,0
BRDA:700,33,0,0
BRDA:719,34,0,0
BRDA:719,34,1,0
BRDA:719,34,2,0
BRDA:722,35,0,0
BRDA:733,36,0,0
BRDA:752,37,0,0
BRDA:752,37,1,0
BRDA:752,37,2,0
BRDA:755,38,0,0
BRDA:766,39,0,0
BRDA:793,40,0,0
BRDA:793,40,1,0
BRDA:793,40,2,0
BRDA:793,40,3,0
BRDA:793,40,4,0
BRDA:793,40,5,0
BRDA:872,41,0,0
BRDA:872,41,1,0
BRF:101
BRH:0
end_of_record
TN:
SF:src/programs/token-extensions/get-account-data-size-eztension.ts
FNF:0
FNH:0
DA:1,8
DA:2,8
DA:4,8
LF:3
LH:3
BRF:0
BRH:0
end_of_record
TN:
SF:src/programs/token-extensions/index.ts
FNF:0
FNH:0
DA:1,8
DA:2,8
DA:3,8
LF:3
LH:3
BRF:0
BRH:0
end_of_record
TN:
SF:src/programs/token-extensions/token-metadata-extension.ts
FN:14,(anonymous_0)
FNF:1
FNH:1
FNDA:8,(anonymous_0)
DA:1,8
DA:2,8
DA:3,8
DA:4,8
DA:6,8
DA:14,8
DA:15,8
DA:22,8
DA:28,8
DA:33,8
DA:35,8
LF:11
LH:11
BRF:0
BRH:0
end_of_record
TN:
SF:src/programs/token-extensions/transfer-fee-extension.ts
FN:50,decodeSetTransferFeeInstructionUnchecked
FN:97,decodeSetTransferFeeInstruction
FNF:2
FNH:0
FNDA:0,decodeSetTransferFeeInstructionUnchecked
FNDA:0,decodeSetTransferFeeInstruction
DA:1,8
DA:2,8
DA:3,8
DA:20,8
DA:50,8
DA:55,0
DA:57,0
DA:97,8
DA:98,0
DA:99,0
DA:104,0
DA:105,0
DA:106,0
DA:107,0
DA:109,0
LF:15
LH:6
BRDA:98,0,0,0
BRDA:99,1,0,0
BRDA:105,2,0,0
BRDA:105,3,0,0
BRDA:105,3,1,0
BRDA:107,4,0,0
BRDA:114,5,0,0
BRDA:114,5,1,0
BRF:8
BRH:0
end_of_record
